<?xml version="1.0" encoding="UTF-8"?>
<robot generator="Robot 3.1.1 (Python 3.9.2 on win32)" generated="20210325 17:43:40.415" rpa="false">
<suite id="s1" name="Ex2" source="C:\Users\hienqn\Documents\Project1\5_test\ex2.robot">
<test id="s1-t1" name="Demo Test by Hien">
<kw name="lauching">
<kw name="Open Browser" library="SeleniumLibrary">
<doc>Opens a new browser instance to the given ``url``.</doc>
<arguments>
<arg>${url}</arg>
<arg>${Browser}</arg>
</arguments>
<msg timestamp="20210325 17:43:40.584" level="INFO">Opening browser 'Chrome' to base url 'https://google.com.vn/'.</msg>
<status status="PASS" starttime="20210325 17:43:40.584" endtime="20210325 17:43:43.514"></status>
</kw>
<kw name="Maximize Browser Window" library="SeleniumLibrary">
<doc>Maximizes current browser window.</doc>
<status status="PASS" starttime="20210325 17:43:43.514" endtime="20210325 17:43:43.642"></status>
</kw>
<kw name="Set Selenium Speed" library="SeleniumLibrary">
<doc>Sets the delay that is waited after each Selenium command.</doc>
<arguments>
<arg>${delay}</arg>
</arguments>
<status status="PASS" starttime="20210325 17:43:43.642" endtime="20210325 17:43:43.642"></status>
</kw>
<status status="PASS" starttime="20210325 17:43:40.583" endtime="20210325 17:43:43.642"></status>
</kw>
<doc>"1.1 Search keyword ""SmartOSC"" in https://google.com.vn 2 Search keyword ""SmartOSC"" and go back and Search keyword ""SmartOSC Fintech""3. Define If condition ( If SmartOSC ==&gt; Search SmartOSC , else search ""SmartOSC Fintech"""</doc>
<status status="PASS" starttime="20210325 17:43:40.582" endtime="20210325 17:43:43.642" critical="yes"></status>
</test>
<test id="s1-t2" name="Testcase search case">
<kw name="Input Text" library="SeleniumLibrary">
<doc>Types the given ``text`` into text field identified by ``locator``.</doc>
<arguments>
<arg>xpath=//input[@class='gLFyf gsfi']</arg>
<arg>"SmartOSC"</arg>
</arguments>
<msg timestamp="20210325 17:43:43.648" level="INFO">Typing text '"SmartOSC"' into text field 'xpath=//input[@class='gLFyf gsfi']'.</msg>
<status status="PASS" starttime="20210325 17:43:43.647" endtime="20210325 17:43:43.855"></status>
</kw>
<kw name="Submit Form" library="SeleniumLibrary">
<doc>Submits a form identified by ``locator``.</doc>
<msg timestamp="20210325 17:43:43.856" level="INFO">Submitting form 'None'.</msg>
<status status="PASS" starttime="20210325 17:43:43.855" endtime="20210325 17:43:45.874"></status>
</kw>
<kw name="Go Back" library="SeleniumLibrary">
<doc>Simulates the user clicking the back button on their browser.</doc>
<status status="PASS" starttime="20210325 17:43:45.874" endtime="20210325 17:43:46.175"></status>
</kw>
<kw name="Input Text" library="SeleniumLibrary">
<doc>Types the given ``text`` into text field identified by ``locator``.</doc>
<arguments>
<arg>xpath=//input[@class='gLFyf gsfi'] "SmartOSC Fintech"</arg>
</arguments>
<msg timestamp="20210325 17:43:46.175" level="FAIL">Keyword 'SeleniumLibrary.Input Text' expected 2 arguments, got 1.</msg>
<status status="FAIL" starttime="20210325 17:43:46.175" endtime="20210325 17:43:46.176"></status>
</kw>
<status status="FAIL" starttime="20210325 17:43:43.646" endtime="20210325 17:43:46.176" critical="yes">Keyword 'SeleniumLibrary.Input Text' expected 2 arguments, got 1.</status>
</test>
<doc>baitap2</doc>
<status status="FAIL" starttime="20210325 17:43:40.417" endtime="20210325 17:43:46.179"></status>
</suite>
<statistics>
<total>
<stat pass="1" fail="1">Critical Tests</stat>
<stat pass="1" fail="1">All Tests</stat>
</total>
<tag>
</tag>
<suite>
<stat pass="1" fail="1" id="s1" name="Ex2">Ex2</stat>
</suite>
</statistics>
<errors>
</errors>
</robot>
