<?xml version="1.0" encoding="UTF-8"?>
<robot generator="Robot 3.1.1 (Python 3.9.2 on win32)" generated="20210326 11:36:00.917" rpa="false">
<suite id="s1" name="Ex3" source="C:\Users\hienqn\Documents\demo_robot\Project1\5_test\ex3.robot">
<kw name="lauching" library="resource3" type="setup">
<kw name="Open Browser" library="SeleniumLibrary">
<doc>Opens a new browser instance to the given ``url``.</doc>
<arguments>
<arg>${url}</arg>
<arg>${Browser}</arg>
</arguments>
<msg timestamp="20210326 11:36:01.086" level="INFO">Opening browser 'Chrome' to base url 'https://dantri.com.vn/'.</msg>
<status status="PASS" starttime="20210326 11:36:01.085" endtime="20210326 11:36:08.506"></status>
</kw>
<kw name="Maximize Browser Window" library="SeleniumLibrary">
<doc>Maximizes current browser window.</doc>
<status status="PASS" starttime="20210326 11:36:08.506" endtime="20210326 11:36:08.752"></status>
</kw>
<kw name="Set Selenium Speed" library="SeleniumLibrary">
<doc>Sets the delay that is waited after each Selenium command.</doc>
<arguments>
<arg>${delay}</arg>
</arguments>
<status status="PASS" starttime="20210326 11:36:08.752" endtime="20210326 11:36:08.753"></status>
</kw>
<status status="PASS" starttime="20210326 11:36:01.085" endtime="20210326 11:36:08.753"></status>
</kw>
<test id="s1-t1" name="Testcase search for text">
<kw name="Input Text" library="SeleniumLibrary">
<doc>Types the given ``text`` into text field identified by ``locator``.</doc>
<arguments>
<arg>${searchtextbox}</arg>
<arg>${string1}</arg>
</arguments>
<msg timestamp="20210326 11:36:08.756" level="INFO">Typing text 'covid' into text field 'xpath=//input[@id='js-search-input']'.</msg>
<status status="PASS" starttime="20210326 11:36:08.755" endtime="20210326 11:36:09.085"></status>
</kw>
<kw name="Submit Form" library="SeleniumLibrary">
<doc>Submits a form identified by ``locator``.</doc>
<msg timestamp="20210326 11:36:09.111" level="INFO">Submitting form 'None'.</msg>
<status status="PASS" starttime="20210326 11:36:09.111" endtime="20210326 11:36:11.076"></status>
</kw>
<kw name="Go Back" library="SeleniumLibrary">
<doc>Simulates the user clicking the back button on their browser.</doc>
<status status="PASS" starttime="20210326 11:36:11.080" endtime="20210326 11:36:11.365"></status>
</kw>
<kw name="Input Text" library="SeleniumLibrary">
<doc>Types the given ``text`` into text field identified by ``locator``.</doc>
<arguments>
<arg>${searchtextbox}</arg>
<arg>${string2}</arg>
</arguments>
<msg timestamp="20210326 11:36:11.381" level="INFO">Typing text 'covid-19' into text field 'xpath=//input[@id='js-search-input']'.</msg>
<status status="PASS" starttime="20210326 11:36:11.380" endtime="20210326 11:36:12.792"></status>
</kw>
<kw name="Submit Form" library="SeleniumLibrary">
<doc>Submits a form identified by ``locator``.</doc>
<msg timestamp="20210326 11:36:12.795" level="INFO">Submitting form 'None'.</msg>
<status status="PASS" starttime="20210326 11:36:12.795" endtime="20210326 11:36:14.316"></status>
</kw>
<doc>"1.1 Search keyword ""Covid"" in https://dantri.com.vn2 Search keyword ""Covid"" and go back and Search keyword ""Covid-19""</doc>
<status status="PASS" starttime="20210326 11:36:08.753" endtime="20210326 11:36:14.317" critical="yes"></status>
</test>
<test id="s1-t2" name="Testcase if else">
<kw name="Run Keyword If" library="BuiltIn">
<doc>Runs the given keyword with the given arguments, if ``condition`` is true.</doc>
<arguments>
<arg>'${keywords}' == '${string1}'</arg>
<arg>searchvalue1</arg>
<arg>ELSE</arg>
<arg>searchvalue2</arg>
</arguments>
<kw name="searchvalue1" library="resource3">
<kw name="Input Text" library="SeleniumLibrary">
<doc>Types the given ``text`` into text field identified by ``locator``.</doc>
<arguments>
<arg>${searchtextbox}</arg>
<arg>${string1}</arg>
</arguments>
<msg timestamp="20210326 11:36:14.323" level="INFO">Typing text 'covid' into text field 'xpath=//input[@id='js-search-input']'.</msg>
<status status="PASS" starttime="20210326 11:36:14.323" endtime="20210326 11:36:14.441"></status>
</kw>
<kw name="Submit Form" library="SeleniumLibrary">
<doc>Submits a form identified by ``locator``.</doc>
<msg timestamp="20210326 11:36:14.441" level="INFO">Submitting form 'None'.</msg>
<status status="PASS" starttime="20210326 11:36:14.441" endtime="20210326 11:36:15.397"></status>
</kw>
<status status="PASS" starttime="20210326 11:36:14.322" endtime="20210326 11:36:15.397"></status>
</kw>
<status status="PASS" starttime="20210326 11:36:14.320" endtime="20210326 11:36:15.397"></status>
</kw>
<kw name="Close Browser" library="SeleniumLibrary">
<doc>Closes the current browser.</doc>
<status status="PASS" starttime="20210326 11:36:15.398" endtime="20210326 11:36:17.746"></status>
</kw>
<doc>3. Define If condition ( If Covid ==&gt; Search Covid , else search ""Covid-19"""</doc>
<status status="PASS" starttime="20210326 11:36:14.319" endtime="20210326 11:36:17.748" critical="yes"></status>
</test>
<kw name="Close All Browsers" library="SeleniumLibrary" type="teardown">
<doc>Closes all open browsers and resets the browser cache.</doc>
<status status="PASS" starttime="20210326 11:36:17.754" endtime="20210326 11:36:17.755"></status>
</kw>
<doc>baitap3 dantri.com</doc>
<status status="PASS" starttime="20210326 11:36:00.919" endtime="20210326 11:36:17.756"></status>
</suite>
<statistics>
<total>
<stat pass="2" fail="0">Critical Tests</stat>
<stat pass="2" fail="0">All Tests</stat>
</total>
<tag>
</tag>
<suite>
<stat pass="2" fail="0" id="s1" name="Ex3">Ex3</stat>
</suite>
</statistics>
<errors>
</errors>
</robot>
