<?xml version="1.0" encoding="UTF-8"?>
<robot generator="Robot 3.1.1 (Python 3.9.2 on win32)" generated="20210325 10:36:55.411" rpa="false">
<suite id="s1" name="Test" source="C:\Users\hienqn\Documents\demo_robot\test.robot">
<test id="s1-t1" name="Demo Test">
<kw name="Open Browser" library="SeleniumLibrary">
<doc>Opens a new browser instance to the given ``url``.</doc>
<arguments>
<arg>https://dantri.com.vn</arg>
<arg>Chrome</arg>
</arguments>
<msg timestamp="20210325 10:36:55.570" level="INFO">Opening browser 'Chrome' to base url 'https://dantri.com.vn'.</msg>
<status status="PASS" starttime="20210325 10:36:55.569" endtime="20210325 10:37:05.287"></status>
</kw>
<kw name="Maximize Browser Window" library="SeleniumLibrary">
<doc>Maximizes current browser window.</doc>
<status status="PASS" starttime="20210325 10:37:05.289" endtime="20210325 10:37:05.498"></status>
</kw>
<kw name="Set Selenium Speed" library="SeleniumLibrary">
<doc>Sets the delay that is waited after each Selenium command.</doc>
<arguments>
<arg>0</arg>
</arguments>
<status status="PASS" starttime="20210325 10:37:05.500" endtime="20210325 10:37:05.501"></status>
</kw>
<kw name="Close Browser" library="SeleniumLibrary">
<doc>Closes the current browser.</doc>
<status status="PASS" starttime="20210325 10:37:05.501" endtime="20210325 10:37:08.914"></status>
</kw>
<status status="PASS" starttime="20210325 10:36:55.569" endtime="20210325 10:37:08.916" critical="yes"></status>
</test>
<status status="PASS" starttime="20210325 10:36:55.414" endtime="20210325 10:37:08.921"></status>
</suite>
<statistics>
<total>
<stat pass="1" fail="0">Critical Tests</stat>
<stat pass="1" fail="0">All Tests</stat>
</total>
<tag>
</tag>
<suite>
<stat pass="1" fail="0" id="s1" name="Test">Test</stat>
</suite>
</statistics>
<errors>
</errors>
</robot>
