<?xml version="1.0" encoding="UTF-8"?>
<robot generator="Robot 3.0.4 (Python 3.9.2 on win32)" generated="20210409 16:33:24.204">
<suite id="s1" name="CheckOutFunction" source="D:\Training\b2sdemo\Tests\CheckOutFunction.robot">
<test id="s1-t1" name="Verify check out with guest">
<kw name="Start Testcase" library="CommonFunctionality" type="setup">
<kw name="Open Browser" library="Selenium2Library">
<doc>Opens a new browser instance to the optional ``url``.</doc>
<arguments>
<arg>${url}</arg>
<arg>chrome</arg>
</arguments>
<msg timestamp="20210409 16:33:24.406" level="INFO">Opening browser 'chrome' to base url 'https://uat.b2s.co.th/'.</msg>
<status status="PASS" starttime="20210409 16:33:24.406" endtime="20210409 16:33:30.852"></status>
</kw>
<kw name="Maximize Browser Window" library="Selenium2Library">
<doc>Maximizes current browser window.</doc>
<status status="PASS" starttime="20210409 16:33:30.852" endtime="20210409 16:33:31.204"></status>
</kw>
<kw name="Set Selenium Speed" library="Selenium2Library">
<doc>Sets the delay that is waited after each Selenium command.</doc>
<arguments>
<arg>${delay}</arg>
</arguments>
<status status="PASS" starttime="20210409 16:33:31.205" endtime="20210409 16:33:31.205"></status>
</kw>
<kw name="Set Browser Implicit Wait" library="Selenium2Library">
<doc>Sets the implicit wait value used by Selenium.</doc>
<arguments>
<arg>15s</arg>
</arguments>
<status status="PASS" starttime="20210409 16:33:31.206" endtime="20210409 16:33:31.211"></status>
</kw>
<status status="PASS" starttime="20210409 16:33:24.406" endtime="20210409 16:33:31.211"></status>
</kw>
<kw name="Select EN Language" library="Home">
<kw name="Click Link" library="Selenium2Library">
<doc>Clicks a link identified by ``locator``.</doc>
<arguments>
<arg>${home_language}</arg>
</arguments>
<msg timestamp="20210409 16:33:31.214" level="INFO">Clicking link 'xpath://div[@id='switcher-language']//a'.</msg>
<status status="PASS" starttime="20210409 16:33:31.213" endtime="20210409 16:33:37.956"></status>
</kw>
<status status="PASS" starttime="20210409 16:33:31.212" endtime="20210409 16:33:37.956"></status>
</kw>
<kw name="Add to Cart" library="Home">
<kw name="Wait Until Element Is Visible" library="Selenium2Library">
<doc>Waits until the element ``locator`` is visible.</doc>
<arguments>
<arg>${home_addToCart}</arg>
</arguments>
<status status="PASS" starttime="20210409 16:33:37.957" endtime="20210409 16:33:39.406"></status>
</kw>
<kw name="Click Element" library="Selenium2Library">
<doc>Click the element identified by ``locator``.</doc>
<arguments>
<arg>${home_addToCart}</arg>
</arguments>
<msg timestamp="20210409 16:33:39.407" level="INFO">Clicking element 'xpath:(//button[@class='action tocart primary'])[6]'.</msg>
<status status="PASS" starttime="20210409 16:33:39.406" endtime="20210409 16:33:39.625"></status>
</kw>
<kw name="Wait For Condition" library="Selenium2Library">
<doc>Waits until ``condition`` is true or ``timeout`` expires.</doc>
<arguments>
<arg>return jQuery.active == 0</arg>
</arguments>
<status status="PASS" starttime="20210409 16:33:39.625" endtime="20210409 16:33:43.907"></status>
</kw>
<status status="PASS" starttime="20210409 16:33:37.956" endtime="20210409 16:33:43.908"></status>
</kw>
<kw name="Verify Successful Add to Cart" library="Home">
<kw name="Wait Until Element Is Visible" library="Selenium2Library">
<doc>Waits until the element ``locator`` is visible.</doc>
<arguments>
<arg>${home_addToCart_result}</arg>
<arg>30s</arg>
</arguments>
<status status="PASS" starttime="20210409 16:33:43.910" endtime="20210409 16:33:43.965"></status>
</kw>
<kw name="Element Text Should Be" library="Selenium2Library">
<doc>Verifies that element ``locator`` contains exact the text ``expected``.</doc>
<arguments>
<arg>${home_result}</arg>
<arg>SUCCESS</arg>
</arguments>
<msg timestamp="20210409 16:33:43.965" level="INFO">Verifying element 'xpath://div[contains(@class,'mb-login-popup-title')]/strong' contains exact text 'SUCCESS'.</msg>
<status status="PASS" starttime="20210409 16:33:43.965" endtime="20210409 16:33:43.998"></status>
</kw>
<kw name="Click Element" library="Selenium2Library">
<doc>Click the element identified by ``locator``.</doc>
<arguments>
<arg>${home_closeAddToCartResultPopup}</arg>
</arguments>
<msg timestamp="20210409 16:33:43.998" level="INFO">Clicking element 'xpath://a[@id='mb-ajaxsuite-close']'.</msg>
<status status="PASS" starttime="20210409 16:33:43.998" endtime="20210409 16:33:44.056"></status>
</kw>
<status status="PASS" starttime="20210409 16:33:43.909" endtime="20210409 16:33:44.056"></status>
</kw>
<kw name="Go to Cart" library="Home">
<kw name="Wait Until Element Is Visible" library="Selenium2Library">
<doc>Waits until the element ``locator`` is visible.</doc>
<arguments>
<arg>${home_quantityCart}</arg>
</arguments>
<status status="PASS" starttime="20210409 16:33:44.057" endtime="20210409 16:33:44.095"></status>
</kw>
<kw name="Click Link" library="Selenium2Library">
<doc>Clicks a link identified by ``locator``.</doc>
<arguments>
<arg>${home_miniCart}</arg>
</arguments>
<msg timestamp="20210409 16:33:44.096" level="INFO">Clicking link 'xpath://a[@class='action showcart']'.</msg>
<status status="PASS" starttime="20210409 16:33:44.096" endtime="20210409 16:33:44.729"></status>
</kw>
<kw name="Click Link" library="Selenium2Library">
<doc>Clicks a link identified by ``locator``.</doc>
<arguments>
<arg>${home_viewCart}</arg>
</arguments>
<msg timestamp="20210409 16:33:44.730" level="INFO">Clicking link 'xpath://a[@class='actions viewcart']'.</msg>
<status status="PASS" starttime="20210409 16:33:44.729" endtime="20210409 16:33:47.289"></status>
</kw>
<status status="PASS" starttime="20210409 16:33:44.056" endtime="20210409 16:33:47.289"></status>
</kw>
<kw name="Proceed to Checkout" library="Cart">
<kw name="Wait Until Location Contains" library="Selenium2Library">
<doc>Waits until the current URL contains ``expected``.</doc>
<arguments>
<arg>${cartPg_url}</arg>
</arguments>
<status status="PASS" starttime="20210409 16:33:47.291" endtime="20210409 16:33:47.326"></status>
</kw>
<kw name="Click Button" library="Selenium2Library">
<doc>Clicks the button identified by ``locator``.</doc>
<arguments>
<arg>${cartPg_processToCheckout}</arg>
</arguments>
<msg timestamp="20210409 16:33:47.326" level="INFO">Clicking button 'xpath://button[@class='action primary checkout']'.</msg>
<status status="PASS" starttime="20210409 16:33:47.326" endtime="20210409 16:33:50.692"></status>
</kw>
<status status="PASS" starttime="20210409 16:33:47.291" endtime="20210409 16:33:50.692"></status>
</kw>
<kw name="Fill Shipping Address" library="OneStepCheckout">
<kw name="Wait Until Element Is Visible" library="Selenium2Library">
<doc>Waits until the element ``locator`` is visible.</doc>
<arguments>
<arg>${checkoutPg_street}</arg>
</arguments>
<status status="PASS" starttime="20210409 16:33:50.693" endtime="20210409 16:33:51.722"></status>
</kw>
<kw name="Run Keyword And Return Status" library="BuiltIn">
<doc>Runs the given keyword with given arguments and returns the status as a Boolean value.</doc>
<arguments>
<arg>Element Should Be Visible</arg>
<arg>${checkoutPg_userName}</arg>
</arguments>
<assign>
<var>${present}</var>
</assign>
<kw name="Element Should Be Visible" library="Selenium2Library">
<doc>Verifies that the element identified by ``locator`` is visible.</doc>
<arguments>
<arg>${checkoutPg_userName}</arg>
</arguments>
<msg timestamp="20210409 16:33:51.749" level="INFO">Element 'xpath:(//input[@name='username'])[1]' is displayed.</msg>
<status status="PASS" starttime="20210409 16:33:51.723" endtime="20210409 16:33:51.749"></status>
</kw>
<msg timestamp="20210409 16:33:51.749" level="INFO">${present} = True</msg>
<status status="PASS" starttime="20210409 16:33:51.722" endtime="20210409 16:33:51.749"></status>
</kw>
<kw name="Run Keyword If" library="BuiltIn">
<doc>Runs the given keyword with the given arguments, if ``condition`` is true.</doc>
<arguments>
<arg>${present}</arg>
<arg>Input Text</arg>
<arg>${checkoutPg_userName}</arg>
<arg>${checkoutPgData_userName}</arg>
</arguments>
<kw name="Input Text" library="Selenium2Library">
<doc>Types the given ``text`` into the text field identified by ``locator``.</doc>
<arguments>
<arg>${checkoutPg_userName}</arg>
<arg>${checkoutPgData_userName}</arg>
</arguments>
<msg timestamp="20210409 16:33:51.750" level="INFO">Typing text 'test2@gmail.com' into text field 'xpath:(//input[@name='username'])[1]'.</msg>
<status status="PASS" starttime="20210409 16:33:51.750" endtime="20210409 16:33:52.017"></status>
</kw>
<status status="PASS" starttime="20210409 16:33:51.749" endtime="20210409 16:33:52.017"></status>
</kw>
<kw name="Get Value" library="Selenium2Library">
<doc>Returns the value attribute of the element identified by ``locator``.</doc>
<arguments>
<arg>${checkoutPg_firstName}</arg>
</arguments>
<assign>
<var>${firstName}</var>
</assign>
<msg timestamp="20210409 16:33:52.038" level="INFO">${firstName} = </msg>
<status status="PASS" starttime="20210409 16:33:52.018" endtime="20210409 16:33:52.038"></status>
</kw>
<kw name="Run Keyword If" library="BuiltIn">
<doc>Runs the given keyword with the given arguments, if ``condition`` is true.</doc>
<arguments>
<arg>'${firstName}' == '${EMPTY}'</arg>
<arg>Input Text</arg>
<arg>${checkoutPg_firstName}</arg>
<arg>${checkoutPgData_firstName}</arg>
</arguments>
<kw name="Input Text" library="Selenium2Library">
<doc>Types the given ``text`` into the text field identified by ``locator``.</doc>
<arguments>
<arg>${checkoutPg_firstName}</arg>
<arg>${checkoutPgData_firstName}</arg>
</arguments>
<msg timestamp="20210409 16:33:52.039" level="INFO">Typing text 'Hoa' into text field 'xpath:(//input[@name='firstname'])[1]'.</msg>
<status status="PASS" starttime="20210409 16:33:52.038" endtime="20210409 16:33:52.178"></status>
</kw>
<status status="PASS" starttime="20210409 16:33:52.038" endtime="20210409 16:33:52.178"></status>
</kw>
<kw name="Get Value" library="Selenium2Library">
<doc>Returns the value attribute of the element identified by ``locator``.</doc>
<arguments>
<arg>${checkoutPg_lastName}</arg>
</arguments>
<assign>
<var>${lastName}</var>
</assign>
<msg timestamp="20210409 16:33:52.201" level="INFO">${lastName} = </msg>
<status status="PASS" starttime="20210409 16:33:52.179" endtime="20210409 16:33:52.201"></status>
</kw>
<kw name="Run Keyword If" library="BuiltIn">
<doc>Runs the given keyword with the given arguments, if ``condition`` is true.</doc>
<arguments>
<arg>'${lastName}' == '${Empty}'</arg>
<arg>Input Text</arg>
<arg>${checkoutPg_lastName}</arg>
<arg>${checkoutPgData_lastName}</arg>
</arguments>
<kw name="Input Text" library="Selenium2Library">
<doc>Types the given ``text`` into the text field identified by ``locator``.</doc>
<arguments>
<arg>${checkoutPg_lastName}</arg>
<arg>${checkoutPgData_lastName}</arg>
</arguments>
<msg timestamp="20210409 16:33:52.202" level="INFO">Typing text 'Nguyen' into text field 'xpath:(//input[@name='lastname'])[1]'.</msg>
<status status="PASS" starttime="20210409 16:33:52.202" endtime="20210409 16:33:52.297"></status>
</kw>
<status status="PASS" starttime="20210409 16:33:52.201" endtime="20210409 16:33:52.298"></status>
</kw>
<kw name="Input Text" library="Selenium2Library">
<doc>Types the given ``text`` into the text field identified by ``locator``.</doc>
<arguments>
<arg>${checkoutPg_street}</arg>
<arg>${checkoutPgData_street}</arg>
</arguments>
<msg timestamp="20210409 16:33:52.298" level="INFO">Typing text 'Quang Tien street' into text field 'xpath:(//input[@name='street[0]'])[1]'.</msg>
<status status="PASS" starttime="20210409 16:33:52.298" endtime="20210409 16:33:52.414"></status>
</kw>
<kw name="Wait Until Element Is Visible" library="Selenium2Library">
<doc>Waits until the element ``locator`` is visible.</doc>
<arguments>
<arg>${checkoutPg_country}</arg>
</arguments>
<status status="PASS" starttime="20210409 16:33:52.414" endtime="20210409 16:33:52.440"></status>
</kw>
<kw name="Select From List By Value" library="Selenium2Library">
<doc>Selects options from selection list ``locator`` by ``values``.</doc>
<arguments>
<arg>${checkoutPg_country}</arg>
<arg>${checkoutPgData_country}</arg>
</arguments>
<msg timestamp="20210409 16:33:52.440" level="INFO">Selecting options from selection list 'xpath:(//select[@name='country_id'])[1]' by value VN.</msg>
<status status="PASS" starttime="20210409 16:33:52.440" endtime="20210409 16:33:52.520"></status>
</kw>
<kw name="Input Text" library="Selenium2Library">
<doc>Types the given ``text`` into the text field identified by ``locator``.</doc>
<arguments>
<arg>${checkoutPg_city}</arg>
<arg>${checkoutPgData_city}</arg>
</arguments>
<msg timestamp="20210409 16:33:52.521" level="INFO">Typing text 'Ha Noi' into text field 'xpath:(//input[@name='city'])[1]'.</msg>
<status status="PASS" starttime="20210409 16:33:52.520" endtime="20210409 16:33:52.682"></status>
</kw>
<kw name="Input Text" library="Selenium2Library">
<doc>Types the given ``text`` into the text field identified by ``locator``.</doc>
<arguments>
<arg>${checkoutPg_postCode}</arg>
<arg>${checkoutPgData_postCode}</arg>
</arguments>
<msg timestamp="20210409 16:33:52.683" level="INFO">Typing text '2024' into text field 'xpath:(//input[@name='postcode'])[1]'.</msg>
<status status="PASS" starttime="20210409 16:33:52.682" endtime="20210409 16:33:52.772"></status>
</kw>
<kw name="Input Text" library="Selenium2Library">
<doc>Types the given ``text`` into the text field identified by ``locator``.</doc>
<arguments>
<arg>${checkoutPg_telephone}</arg>
<arg>${checkoutPgData_telephone}</arg>
</arguments>
<msg timestamp="20210409 16:33:52.773" level="INFO">Typing text '0369125468' into text field 'xpath:(//input[@name='telephone'])[1]'.</msg>
<status status="PASS" starttime="20210409 16:33:52.773" endtime="20210409 16:33:52.870"></status>
</kw>
<kw name="Select Radio Button" library="Selenium2Library">
<doc>Sets the radio button group ``group_name`` to ``value``.</doc>
<arguments>
<arg>${checkoutPg_shipAddGroupName}</arg>
<arg>${checkoutPg_shipAddValue}</arg>
</arguments>
<msg timestamp="20210409 16:33:52.871" level="INFO">Selecting 'billing' from radio button 'shipping_address_choice'.</msg>
<status status="PASS" starttime="20210409 16:33:52.870" endtime="20210409 16:33:52.892"></status>
</kw>
<kw name="Wait Until Element Is Visible" library="Selenium2Library">
<doc>Waits until the element ``locator`` is visible.</doc>
<arguments>
<arg>${checkoutPg_paymentMethod}</arg>
</arguments>
<status status="PASS" starttime="20210409 16:33:52.892" endtime="20210409 16:33:52.919"></status>
</kw>
<kw name="Select Radio Button" library="Selenium2Library">
<doc>Sets the radio button group ``group_name`` to ``value``.</doc>
<arguments>
<arg>${checkoutPg_paymentMethodGroupName}</arg>
<arg>${checkoutPg_paymentMethodValue}</arg>
</arguments>
<msg timestamp="20210409 16:33:52.919" level="INFO">Selecting 'p2c2p_cc' from radio button 'payment[method]'.</msg>
<status status="PASS" starttime="20210409 16:33:52.919" endtime="20210409 16:33:53.036"></status>
</kw>
<kw name="Wait For Condition" library="Selenium2Library">
<doc>Waits until ``condition`` is true or ``timeout`` expires.</doc>
<arguments>
<arg>return jQuery.active == 0</arg>
</arguments>
<status status="PASS" starttime="20210409 16:33:53.036" endtime="20210409 16:33:54.596"></status>
</kw>
<kw name="Click Button" library="Selenium2Library">
<doc>Clicks the button identified by ``locator``.</doc>
<arguments>
<arg>${checkoutPg_btnPlaceOrder}</arg>
</arguments>
<msg timestamp="20210409 16:33:54.597" level="INFO">Clicking button 'xpath:(//button[@class='action primary checkout'])[4]'.</msg>
<status status="PASS" starttime="20210409 16:33:54.596" endtime="20210409 16:33:54.738"></status>
</kw>
<status status="PASS" starttime="20210409 16:33:50.693" endtime="20210409 16:33:54.739"></status>
</kw>
<kw name="Fill Payment Information" library="Payment">
<kw name="Wait Until Element Is Visible" library="Selenium2Library">
<doc>Waits until the element ``locator`` is visible.</doc>
<arguments>
<arg>${paymentPg_continuePayment}</arg>
<arg>20s</arg>
</arguments>
<status status="PASS" starttime="20210409 16:33:54.741" endtime="20210409 16:34:02.792"></status>
</kw>
<kw name="Input Text" library="Selenium2Library">
<doc>Types the given ``text`` into the text field identified by ``locator``.</doc>
<arguments>
<arg>${paymentPg_masterpass}</arg>
<arg>${masterpass}</arg>
</arguments>
<msg timestamp="20210409 16:34:02.793" level="INFO">Typing text '4111111111111111' into text field 'xpath://input[@id='credit_card_number']'.</msg>
<status status="PASS" starttime="20210409 16:34:02.793" endtime="20210409 16:34:02.954"></status>
</kw>
<kw name="Input Text" library="Selenium2Library">
<doc>Types the given ``text`` into the text field identified by ``locator``.</doc>
<arguments>
<arg>${paymentPg_creditCardHolderName}</arg>
<arg>${creditCardHolderName}</arg>
</arguments>
<msg timestamp="20210409 16:34:02.955" level="INFO">Typing text 'Nguyen Thi Hoa' into text field 'xpath://input[@id='credit_card_holder_name']'.</msg>
<status status="PASS" starttime="20210409 16:34:02.955" endtime="20210409 16:34:03.096"></status>
</kw>
<kw name="Select From List By Label" library="Selenium2Library">
<doc>Selects options from selection list ``locator`` by ``labels``.</doc>
<arguments>
<arg>${paymentPg_creditCardExpiryMonth}</arg>
<arg>${creditCardExpiryMonth}</arg>
</arguments>
<msg timestamp="20210409 16:34:03.096" level="INFO">Selecting options from selection list 'xpath://select[@id='credit_card_expiry_month']' by label 03.</msg>
<status status="PASS" starttime="20210409 16:34:03.096" endtime="20210409 16:34:03.170"></status>
</kw>
<kw name="Select From List By Label" library="Selenium2Library">
<doc>Selects options from selection list ``locator`` by ``labels``.</doc>
<arguments>
<arg>${paymentPg_creditCardExpiryYear}</arg>
<arg>${creditCardExpiryYear}</arg>
</arguments>
<msg timestamp="20210409 16:34:03.171" level="INFO">Selecting options from selection list 'xpath://select[@id='credit_card_expiry_year']' by label 2022.</msg>
<status status="PASS" starttime="20210409 16:34:03.170" endtime="20210409 16:34:03.243"></status>
</kw>
<kw name="Input Text" library="Selenium2Library">
<doc>Types the given ``text`` into the text field identified by ``locator``.</doc>
<arguments>
<arg>${paymentPg_creditCardCvv}</arg>
<arg>${creditCardCvv}</arg>
</arguments>
<msg timestamp="20210409 16:34:03.243" level="INFO">Typing text '123' into text field 'xpath://input[@id='credit_card_cvv']'.</msg>
<status status="PASS" starttime="20210409 16:34:03.243" endtime="20210409 16:34:03.330"></status>
</kw>
<kw name="Select From List By Label" library="Selenium2Library">
<doc>Selects options from selection list ``locator`` by ``labels``.</doc>
<arguments>
<arg>${paymentPg_creditCardIssuingBankCountry}</arg>
<arg>${creditCardIssuingBankCountry}</arg>
</arguments>
<msg timestamp="20210409 16:34:03.330" level="INFO">Selecting options from selection list 'xpath://select[@id='credit_card_issuing_bank_country']' by label THAILAND.</msg>
<status status="PASS" starttime="20210409 16:34:03.330" endtime="20210409 16:34:03.375"></status>
</kw>
<kw name="Select From List By Label" library="Selenium2Library">
<doc>Selects options from selection list ``locator`` by ``labels``.</doc>
<arguments>
<arg>${paymentPg_creditCardIssuingBankDdl}</arg>
<arg>${creditCardIssuingBankDdl}</arg>
</arguments>
<msg timestamp="20210409 16:34:03.376" level="INFO">Selecting options from selection list 'xpath://select[@id='credit_card_issuing_bank_ddl']' by label AEON.</msg>
<status status="PASS" starttime="20210409 16:34:03.376" endtime="20210409 16:34:03.420"></status>
</kw>
<kw name="Input Text" library="Selenium2Library">
<doc>Types the given ``text`` into the text field identified by ``locator``.</doc>
<arguments>
<arg>${paymentPg_cardholderEmail}</arg>
<arg>${cardholderEmail}</arg>
</arguments>
<msg timestamp="20210409 16:34:03.420" level="INFO">Typing text 'testmail@gmail.com' into text field 'xpath://input[@id='cardholder_email']'.</msg>
<status status="PASS" starttime="20210409 16:34:03.420" endtime="20210409 16:34:03.587"></status>
</kw>
<status status="PASS" starttime="20210409 16:33:54.740" endtime="20210409 16:34:03.587"></status>
</kw>
<kw name="Do Payment" library="Payment">
<kw name="Click Button" library="Selenium2Library">
<doc>Clicks the button identified by ``locator``.</doc>
<arguments>
<arg>${paymentPg_continuePayment}</arg>
</arguments>
<msg timestamp="20210409 16:34:03.588" level="INFO">Clicking button 'xpath://input[@id='btnCCSubmit']'.</msg>
<status status="PASS" starttime="20210409 16:34:03.588" endtime="20210409 16:34:03.667"></status>
</kw>
<status status="PASS" starttime="20210409 16:34:03.587" endtime="20210409 16:34:03.667"></status>
</kw>
<kw name="Proceed Payment" library="PayerAuthentication">
<kw name="Wait For Condition" library="Selenium2Library">
<doc>Waits until ``condition`` is true or ``timeout`` expires.</doc>
<arguments>
<arg>return jQuery.active == 0</arg>
<arg>15s</arg>
</arguments>
<status status="PASS" starttime="20210409 16:34:03.669" endtime="20210409 16:34:08.847"></status>
</kw>
<kw name="Input Text" library="Selenium2Library">
<doc>Types the given ``text`` into the text field identified by ``locator``.</doc>
<arguments>
<arg>${payerAuthenPg_otp}</arg>
<arg>${otpCode}</arg>
</arguments>
<msg timestamp="20210409 16:34:08.848" level="INFO">Typing text '123456' into text field 'xpath://input[@id='otp']'.</msg>
<status status="PASS" starttime="20210409 16:34:08.847" endtime="20210409 16:34:08.966"></status>
</kw>
<kw name="Click Button" library="Selenium2Library">
<doc>Clicks the button identified by ``locator``.</doc>
<arguments>
<arg>${payerAuthenPg_proceed}</arg>
</arguments>
<msg timestamp="20210409 16:34:08.967" level="INFO">Clicking button 'xpath://input[@id='continue']'.</msg>
<status status="PASS" starttime="20210409 16:34:08.966" endtime="20210409 16:34:09.030"></status>
</kw>
<status status="PASS" starttime="20210409 16:34:03.668" endtime="20210409 16:34:09.030"></status>
</kw>
<kw name="Verify Payment Successfully For Guest" library="OnePageSuccess">
<kw name="Wait Until Location Contains" library="Selenium2Library">
<doc>Waits until the current URL contains ``expected``.</doc>
<arguments>
<arg>${onePgScData_url}</arg>
<arg>30s</arg>
</arguments>
<status status="PASS" starttime="20210409 16:34:09.031" endtime="20210409 16:34:20.385"></status>
</kw>
<kw name="Element Text Should Be" library="Selenium2Library">
<doc>Verifies that element ``locator`` contains exact the text ``expected``.</doc>
<arguments>
<arg>${onePgSuccess_title}</arg>
<arg>${onePgScData_title}</arg>
</arguments>
<msg timestamp="20210409 16:34:20.385" level="INFO">Verifying element 'xpath://h1[@class='page-title']/span' contains exact text 'Thank you for your order'.</msg>
<status status="PASS" starttime="20210409 16:34:20.385" endtime="20210409 16:34:20.667"></status>
</kw>
<kw name="Get Text" library="Selenium2Library">
<doc>Returns the text value of the element identified by ``locator``.</doc>
<arguments>
<arg>${onePgSuccess_orderNumber_guest}</arg>
</arguments>
<assign>
<var>${idOrder}</var>
</assign>
<msg timestamp="20210409 16:34:20.956" level="INFO">${idOrder} = 0000000105</msg>
<status status="PASS" starttime="20210409 16:34:20.667" endtime="20210409 16:34:20.956"></status>
</kw>
<kw name="Log" library="BuiltIn">
<doc>Logs the given message with the given level.</doc>
<arguments>
<arg>${idOrder}</arg>
</arguments>
<msg timestamp="20210409 16:34:20.958" level="INFO">0000000105</msg>
<status status="PASS" starttime="20210409 16:34:20.957" endtime="20210409 16:34:20.958"></status>
</kw>
<kw name="Should Not Be Empty" library="BuiltIn">
<doc>Verifies that the given item is not empty.</doc>
<arguments>
<arg>${idOrder}</arg>
</arguments>
<msg timestamp="20210409 16:34:20.958" level="INFO">Length is 10</msg>
<status status="PASS" starttime="20210409 16:34:20.958" endtime="20210409 16:34:20.958"></status>
</kw>
<kw name="Element Text Should Be" library="Selenium2Library">
<doc>Verifies that element ``locator`` contains exact the text ``expected``.</doc>
<arguments>
<arg>${onePgSuccess_emailLink}</arg>
<arg>${checkoutPgData_userName}</arg>
</arguments>
<msg timestamp="20210409 16:34:20.959" level="INFO">Verifying element 'xpath://a[@class='customer-email']' contains exact text 'test2@gmail.com'.</msg>
<status status="PASS" starttime="20210409 16:34:20.958" endtime="20210409 16:34:20.982"></status>
</kw>
<kw name="Element Text Should Be" library="Selenium2Library">
<doc>Verifies that element ``locator`` contains exact the text ``expected``.</doc>
<arguments>
<arg>${onePgSuccess_email}</arg>
<arg>${checkoutPgData_userName}</arg>
</arguments>
<msg timestamp="20210409 16:34:20.982" level="INFO">Verifying element 'xpath:(//div[@class='messages']/..//span)[2]' contains exact text 'test2@gmail.com'.</msg>
<status status="PASS" starttime="20210409 16:34:20.982" endtime="20210409 16:34:21.002"></status>
</kw>
<status status="PASS" starttime="20210409 16:34:09.031" endtime="20210409 16:34:21.002"></status>
</kw>
<kw name="End Testcase" library="CommonFunctionality" type="teardown">
<kw name="Close Browser" library="Selenium2Library">
<doc>Closes the current browser.</doc>
<status status="PASS" starttime="20210409 16:34:21.003" endtime="20210409 16:34:23.293"></status>
</kw>
<status status="PASS" starttime="20210409 16:34:21.002" endtime="20210409 16:34:23.293"></status>
</kw>
<status status="PASS" starttime="20210409 16:33:24.405" endtime="20210409 16:34:23.294" critical="yes"></status>
</test>
<test id="s1-t2" name="Verify check out with customer">
<kw name="Start Testcase" library="CommonFunctionality" type="setup">
<kw name="Open Browser" library="Selenium2Library">
<doc>Opens a new browser instance to the optional ``url``.</doc>
<arguments>
<arg>${url}</arg>
<arg>chrome</arg>
</arguments>
<msg timestamp="20210409 16:34:23.299" level="INFO">Opening browser 'chrome' to base url 'https://uat.b2s.co.th/'.</msg>
<status status="PASS" starttime="20210409 16:34:23.299" endtime="20210409 16:34:33.025"></status>
</kw>
<kw name="Maximize Browser Window" library="Selenium2Library">
<doc>Maximizes current browser window.</doc>
<status status="PASS" starttime="20210409 16:34:33.025" endtime="20210409 16:34:33.427"></status>
</kw>
<kw name="Set Selenium Speed" library="Selenium2Library">
<doc>Sets the delay that is waited after each Selenium command.</doc>
<arguments>
<arg>${delay}</arg>
</arguments>
<status status="PASS" starttime="20210409 16:34:33.427" endtime="20210409 16:34:33.427"></status>
</kw>
<kw name="Set Browser Implicit Wait" library="Selenium2Library">
<doc>Sets the implicit wait value used by Selenium.</doc>
<arguments>
<arg>15s</arg>
</arguments>
<status status="PASS" starttime="20210409 16:34:33.428" endtime="20210409 16:34:33.430"></status>
</kw>
<status status="PASS" starttime="20210409 16:34:23.298" endtime="20210409 16:34:33.430"></status>
</kw>
<kw name="Select EN Language" library="Home">
<kw name="Click Link" library="Selenium2Library">
<doc>Clicks a link identified by ``locator``.</doc>
<arguments>
<arg>${home_language}</arg>
</arguments>
<msg timestamp="20210409 16:34:33.434" level="INFO">Clicking link 'xpath://div[@id='switcher-language']//a'.</msg>
<status status="PASS" starttime="20210409 16:34:33.434" endtime="20210409 16:34:42.625"></status>
</kw>
<status status="PASS" starttime="20210409 16:34:33.433" endtime="20210409 16:34:42.625"></status>
</kw>
<kw name="Go on Login Page" library="Home">
<kw name="Click Element" library="Selenium2Library">
<doc>Click the element identified by ``locator``.</doc>
<arguments>
<arg>${home_login}</arg>
</arguments>
<msg timestamp="20210409 16:34:42.626" level="INFO">Clicking element 'xpath://a[contains(text(),'Login or Sign Up')]'.</msg>
<status status="PASS" starttime="20210409 16:34:42.626" endtime="20210409 16:34:46.528"></status>
</kw>
<status status="PASS" starttime="20210409 16:34:42.625" endtime="20210409 16:34:46.528"></status>
</kw>
<kw name="Login with Valid Credential" library="Login">
<kw name="Input Text" library="Selenium2Library">
<doc>Types the given ``text`` into the text field identified by ``locator``.</doc>
<arguments>
<arg>${loginPg_email}</arg>
<arg>${email}</arg>
</arguments>
<msg timestamp="20210409 16:34:46.531" level="INFO">Typing text 'test@gmail.com' into text field 'xpath://input[@id='email']'.</msg>
<status status="PASS" starttime="20210409 16:34:46.530" endtime="20210409 16:34:46.993"></status>
</kw>
<kw name="Input Text" library="Selenium2Library">
<doc>Types the given ``text`` into the text field identified by ``locator``.</doc>
<arguments>
<arg>${loginPg_password}</arg>
<arg>${password}</arg>
</arguments>
<msg timestamp="20210409 16:34:46.993" level="INFO">Typing text '123456' into text field 'xpath:(//input[@id='pass'])[1]'.</msg>
<status status="PASS" starttime="20210409 16:34:46.993" endtime="20210409 16:34:47.181"></status>
</kw>
<kw name="Click Button" library="Selenium2Library">
<doc>Clicks the button identified by ``locator``.</doc>
<arguments>
<arg>${loginPg_btnLogin}</arg>
</arguments>
<msg timestamp="20210409 16:34:47.182" level="INFO">Clicking button 'xpath:(//form[@class='form form-login']//button[@type='submit'])[1]'.</msg>
<status status="PASS" starttime="20210409 16:34:47.182" endtime="20210409 16:34:50.528"></status>
</kw>
<status status="PASS" starttime="20210409 16:34:46.530" endtime="20210409 16:34:50.528"></status>
</kw>
<kw name="Verify Successful Login" library="Home">
<kw name="Wait Until Element Is Visible" library="Selenium2Library">
<doc>Waits until the element ``locator`` is visible.</doc>
<arguments>
<arg>${home_logout}</arg>
</arguments>
<status status="PASS" starttime="20210409 16:34:50.529" endtime="20210409 16:34:50.740"></status>
</kw>
<status status="PASS" starttime="20210409 16:34:50.529" endtime="20210409 16:34:50.740"></status>
</kw>
<kw name="Add to Wish List" library="Home">
<kw name="Wait Until Element Is Visible" library="Selenium2Library">
<doc>Waits until the element ``locator`` is visible.</doc>
<arguments>
<arg>${home_addToWishlist}</arg>
</arguments>
<status status="PASS" starttime="20210409 16:34:50.741" endtime="20210409 16:34:51.736"></status>
</kw>
<kw name="Click Element" library="Selenium2Library">
<doc>Click the element identified by ``locator``.</doc>
<arguments>
<arg>${home_addToWishlist}</arg>
</arguments>
<msg timestamp="20210409 16:34:51.736" level="INFO">Clicking element 'xpath:(//a[@class='action btn-towishlist'])[6]'.</msg>
<status status="PASS" starttime="20210409 16:34:51.736" endtime="20210409 16:34:52.403"></status>
</kw>
<status status="PASS" starttime="20210409 16:34:50.740" endtime="20210409 16:34:52.403"></status>
</kw>
<kw name="Verify Successful Add to Wish List" library="Home">
<kw name="Wait Until Element Is Visible" library="Selenium2Library">
<doc>Waits until the element ``locator`` is visible.</doc>
<arguments>
<arg>${home_addToCart_result}</arg>
<arg>30s</arg>
</arguments>
<status status="PASS" starttime="20210409 16:34:52.404" endtime="20210409 16:34:53.472"></status>
</kw>
<kw name="Element Text Should Be" library="Selenium2Library">
<doc>Verifies that element ``locator`` contains exact the text ``expected``.</doc>
<arguments>
<arg>${home_result}</arg>
<arg>SUCCESS</arg>
</arguments>
<msg timestamp="20210409 16:34:53.473" level="INFO">Verifying element 'xpath://div[contains(@class,'mb-login-popup-title')]/strong' contains exact text 'SUCCESS'.</msg>
<status status="PASS" starttime="20210409 16:34:53.472" endtime="20210409 16:34:53.505"></status>
</kw>
<kw name="Wait Until Element Is Not Visible" library="Selenium2Library">
<doc>Waits until the element ``locator`` is not visible.</doc>
<arguments>
<arg>${home_addToCart_result}</arg>
<arg>12s</arg>
</arguments>
<status status="PASS" starttime="20210409 16:34:53.506" endtime="20210409 16:35:03.556"></status>
</kw>
<kw name="Click Link" library="Selenium2Library">
<doc>Clicks a link identified by ``locator``.</doc>
<arguments>
<arg>${home_wishList}</arg>
</arguments>
<msg timestamp="20210409 16:35:03.556" level="INFO">Clicking link 'xpath://li[@class='wishlist-link']/a'.</msg>
<status status="PASS" starttime="20210409 16:35:03.556" endtime="20210409 16:35:05.363"></status>
</kw>
<status status="PASS" starttime="20210409 16:34:52.403" endtime="20210409 16:35:05.363"></status>
</kw>
<kw name="Decrease Product Quantity Number" library="WishList">
<kw name="Wait Until Element Is Visible" library="Selenium2Library">
<doc>Waits until the element ``locator`` is visible.</doc>
<arguments>
<arg>${wishListPg_quantity}</arg>
</arguments>
<status status="PASS" starttime="20210409 16:35:05.364" endtime="20210409 16:35:05.595"></status>
</kw>
<kw name="Get Value" library="Selenium2Library">
<doc>Returns the value attribute of the element identified by ``locator``.</doc>
<arguments>
<arg>${wishListPg_quantity}</arg>
</arguments>
<assign>
<var>${quantity}</var>
</assign>
<msg timestamp="20210409 16:35:05.700" level="INFO">${quantity} = 1</msg>
<status status="PASS" starttime="20210409 16:35:05.595" endtime="20210409 16:35:05.700"></status>
</kw>
<kw name="Set Global Variable" library="BuiltIn">
<doc>Makes a variable available globally in all tests and suites.</doc>
<arguments>
<arg>${quantity}</arg>
</arguments>
<msg timestamp="20210409 16:35:05.701" level="INFO">${quantity} = 1</msg>
<status status="PASS" starttime="20210409 16:35:05.701" endtime="20210409 16:35:05.701"></status>
</kw>
<kw name="Click Button" library="Selenium2Library">
<doc>Clicks the button identified by ``locator``.</doc>
<arguments>
<arg>${wishListPg_btnPlus}</arg>
</arguments>
<msg timestamp="20210409 16:35:05.703" level="INFO">Clicking button 'xpath:(//button[@class='btn-plus'])[1]'.</msg>
<status status="PASS" starttime="20210409 16:35:05.702" endtime="20210409 16:35:06.032"></status>
</kw>
<kw name="Click Button" library="Selenium2Library">
<doc>Clicks the button identified by ``locator``.</doc>
<arguments>
<arg>${wishListPg_updateWishList}</arg>
</arguments>
<msg timestamp="20210409 16:35:06.033" level="INFO">Clicking button 'xpath://button[@class='action update']'.</msg>
<status status="PASS" starttime="20210409 16:35:06.032" endtime="20210409 16:35:08.330"></status>
</kw>
<status status="PASS" starttime="20210409 16:35:05.364" endtime="20210409 16:35:08.330"></status>
</kw>
<kw name="Verify Decrease Product Quantity Number Successfully" library="WishList">
<kw name="Wait Until Element Is Visible" library="Selenium2Library">
<doc>Waits until the element ``locator`` is visible.</doc>
<arguments>
<arg>${wishListPg_quantity}</arg>
</arguments>
<status status="PASS" starttime="20210409 16:35:08.333" endtime="20210409 16:35:08.477"></status>
</kw>
<kw name="Get Value" library="Selenium2Library">
<doc>Returns the value attribute of the element identified by ``locator``.</doc>
<arguments>
<arg>${wishListPg_quantity}</arg>
</arguments>
<assign>
<var>${actualQuantity}</var>
</assign>
<msg timestamp="20210409 16:35:08.601" level="INFO">${actualQuantity} = 2</msg>
<status status="PASS" starttime="20210409 16:35:08.478" endtime="20210409 16:35:08.601"></status>
</kw>
<kw name="Evaluate" library="BuiltIn">
<doc>Evaluates the given expression in Python and returns the results.</doc>
<arguments>
<arg>${quantity}+1</arg>
</arguments>
<assign>
<var>${expectedQuantity}</var>
</assign>
<msg timestamp="20210409 16:35:08.602" level="INFO">${expectedQuantity} = 2</msg>
<status status="PASS" starttime="20210409 16:35:08.602" endtime="20210409 16:35:08.602"></status>
</kw>
<kw name="Should Be Equal As Integers" library="BuiltIn">
<doc>Fails if objects are unequal after converting them to integers.</doc>
<arguments>
<arg>${actualQuantity}</arg>
<arg>${expectedQuantity}</arg>
</arguments>
<msg timestamp="20210409 16:35:08.603" level="INFO">Argument types are:
&lt;type 'unicode'&gt;
&lt;class 'int'&gt;</msg>
<status status="PASS" starttime="20210409 16:35:08.602" endtime="20210409 16:35:08.603"></status>
</kw>
<status status="PASS" starttime="20210409 16:35:08.333" endtime="20210409 16:35:08.603"></status>
</kw>
<kw name="Increase Product Quantity Number" library="WishList">
<kw name="Wait Until Element Is Visible" library="Selenium2Library">
<doc>Waits until the element ``locator`` is visible.</doc>
<arguments>
<arg>${wishListPg_quantity}</arg>
</arguments>
<status status="PASS" starttime="20210409 16:35:08.605" endtime="20210409 16:35:08.802"></status>
</kw>
<kw name="Get Value" library="Selenium2Library">
<doc>Returns the value attribute of the element identified by ``locator``.</doc>
<arguments>
<arg>${wishListPg_quantity}</arg>
</arguments>
<assign>
<var>${quantityIncr}</var>
</assign>
<msg timestamp="20210409 16:35:08.816" level="INFO">${quantityIncr} = 2</msg>
<status status="PASS" starttime="20210409 16:35:08.802" endtime="20210409 16:35:08.816"></status>
</kw>
<kw name="Set Global Variable" library="BuiltIn">
<doc>Makes a variable available globally in all tests and suites.</doc>
<arguments>
<arg>${quantityIncr}</arg>
</arguments>
<msg timestamp="20210409 16:35:08.816" level="INFO">${quantityIncr} = 2</msg>
<status status="PASS" starttime="20210409 16:35:08.816" endtime="20210409 16:35:08.816"></status>
</kw>
<kw name="Click Button" library="Selenium2Library">
<doc>Clicks the button identified by ``locator``.</doc>
<arguments>
<arg>${wishListPg_btnMinus}</arg>
</arguments>
<msg timestamp="20210409 16:35:08.817" level="INFO">Clicking button 'xpath:(//button[@class='btn-minus'])[1]'.</msg>
<status status="PASS" starttime="20210409 16:35:08.816" endtime="20210409 16:35:08.925"></status>
</kw>
<kw name="Click Button" library="Selenium2Library">
<doc>Clicks the button identified by ``locator``.</doc>
<arguments>
<arg>${wishListPg_updateWishList}</arg>
</arguments>
<msg timestamp="20210409 16:35:08.925" level="INFO">Clicking button 'xpath://button[@class='action update']'.</msg>
<status status="PASS" starttime="20210409 16:35:08.925" endtime="20210409 16:35:11.796"></status>
</kw>
<status status="PASS" starttime="20210409 16:35:08.604" endtime="20210409 16:35:11.797"></status>
</kw>
<kw name="Verify Increase Product Quantity Number Successfully" library="WishList">
<kw name="Wait Until Element Is Visible" library="Selenium2Library">
<doc>Waits until the element ``locator`` is visible.</doc>
<arguments>
<arg>${wishListPg_quantity}</arg>
</arguments>
<status status="PASS" starttime="20210409 16:35:11.798" endtime="20210409 16:35:11.999"></status>
</kw>
<kw name="Get Value" library="Selenium2Library">
<doc>Returns the value attribute of the element identified by ``locator``.</doc>
<arguments>
<arg>${wishListPg_quantity}</arg>
</arguments>
<assign>
<var>${actualQuantity}</var>
</assign>
<msg timestamp="20210409 16:35:12.100" level="INFO">${actualQuantity} = 1</msg>
<status status="PASS" starttime="20210409 16:35:11.999" endtime="20210409 16:35:12.100"></status>
</kw>
<kw name="Evaluate" library="BuiltIn">
<doc>Evaluates the given expression in Python and returns the results.</doc>
<arguments>
<arg>${quantityIncr}-1</arg>
</arguments>
<assign>
<var>${expectedQuantity}</var>
</assign>
<msg timestamp="20210409 16:35:12.101" level="INFO">${expectedQuantity} = 1</msg>
<status status="PASS" starttime="20210409 16:35:12.100" endtime="20210409 16:35:12.101"></status>
</kw>
<kw name="Should Be Equal As Integers" library="BuiltIn">
<doc>Fails if objects are unequal after converting them to integers.</doc>
<arguments>
<arg>${actualQuantity}</arg>
<arg>${expectedQuantity}</arg>
</arguments>
<msg timestamp="20210409 16:35:12.101" level="INFO">Argument types are:
&lt;type 'unicode'&gt;
&lt;class 'int'&gt;</msg>
<status status="PASS" starttime="20210409 16:35:12.101" endtime="20210409 16:35:12.101"></status>
</kw>
<status status="PASS" starttime="20210409 16:35:11.797" endtime="20210409 16:35:12.101"></status>
</kw>
<kw name="Add All to Cart" library="WishList">
<kw name="Wait Until Element Is Visible" library="Selenium2Library">
<doc>Waits until the element ``locator`` is visible.</doc>
<arguments>
<arg>${wishListPg_addAlloCart}</arg>
</arguments>
<status status="PASS" starttime="20210409 16:35:12.103" endtime="20210409 16:35:12.357"></status>
</kw>
<kw name="Click Button" library="Selenium2Library">
<doc>Clicks the button identified by ``locator``.</doc>
<arguments>
<arg>${wishListPg_addAlloCart}</arg>
</arguments>
<msg timestamp="20210409 16:35:12.358" level="INFO">Clicking button 'xpath://button[@class='action tocart']'.</msg>
<status status="PASS" starttime="20210409 16:35:12.358" endtime="20210409 16:35:14.764"></status>
</kw>
<status status="PASS" starttime="20210409 16:35:12.102" endtime="20210409 16:35:14.764"></status>
</kw>
<kw name="Verify Add All to Cart Successfully" library="WishList">
<kw name="Wait Until Element Is Visible" library="Selenium2Library">
<doc>Waits until the element ``locator`` is visible.</doc>
<arguments>
<arg>${wishListPg_emptyMessage}</arg>
</arguments>
<status status="PASS" starttime="20210409 16:35:14.766" endtime="20210409 16:35:14.947"></status>
</kw>
<kw name="Page Should Not Contain Element" library="Selenium2Library">
<doc>Verifies that element ``locator`` is found on the current page.</doc>
<arguments>
<arg>${wishListPg_quantity}</arg>
</arguments>
<msg timestamp="20210409 16:35:30.036" level="INFO">Current page does not contain element 'xpath:(//input[@class='input-text qty'])[1]'.</msg>
<status status="PASS" starttime="20210409 16:35:14.947" endtime="20210409 16:35:30.037"></status>
</kw>
<kw name="Element Text Should Be" library="Selenium2Library">
<doc>Verifies that element ``locator`` contains exact the text ``expected``.</doc>
<arguments>
<arg>${wishListPg_emptyMessage}</arg>
<arg>${wishLtDt_emptyMessage}</arg>
</arguments>
<msg timestamp="20210409 16:35:30.037" level="INFO">Verifying element 'xpath://div[@class='message info empty']/span' contains exact text 'You have no items in your wish list.'.</msg>
<status status="PASS" starttime="20210409 16:35:30.037" endtime="20210409 16:35:30.075"></status>
</kw>
<kw name="Wait For Condition" library="Selenium2Library">
<doc>Waits until ``condition`` is true or ``timeout`` expires.</doc>
<arguments>
<arg>return jQuery.active == 0</arg>
</arguments>
<status status="PASS" starttime="20210409 16:35:30.075" endtime="20210409 16:35:30.085"></status>
</kw>
<status status="PASS" starttime="20210409 16:35:14.765" endtime="20210409 16:35:30.085"></status>
</kw>
<kw name="Go to Cart" library="Home">
<kw name="Wait Until Element Is Visible" library="Selenium2Library">
<doc>Waits until the element ``locator`` is visible.</doc>
<arguments>
<arg>${home_quantityCart}</arg>
</arguments>
<status status="PASS" starttime="20210409 16:35:30.086" endtime="20210409 16:35:30.118"></status>
</kw>
<kw name="Click Link" library="Selenium2Library">
<doc>Clicks a link identified by ``locator``.</doc>
<arguments>
<arg>${home_miniCart}</arg>
</arguments>
<msg timestamp="20210409 16:35:30.119" level="INFO">Clicking link 'xpath://a[@class='action showcart']'.</msg>
<status status="PASS" starttime="20210409 16:35:30.118" endtime="20210409 16:35:30.183"></status>
</kw>
<kw name="Click Link" library="Selenium2Library">
<doc>Clicks a link identified by ``locator``.</doc>
<arguments>
<arg>${home_viewCart}</arg>
</arguments>
<msg timestamp="20210409 16:35:30.184" level="INFO">Clicking link 'xpath://a[@class='actions viewcart']'.</msg>
<status status="PASS" starttime="20210409 16:35:30.183" endtime="20210409 16:35:31.913"></status>
</kw>
<status status="PASS" starttime="20210409 16:35:30.086" endtime="20210409 16:35:31.913"></status>
</kw>
<kw name="Proceed to Checkout" library="Cart">
<kw name="Wait Until Location Contains" library="Selenium2Library">
<doc>Waits until the current URL contains ``expected``.</doc>
<arguments>
<arg>${cartPg_url}</arg>
</arguments>
<status status="PASS" starttime="20210409 16:35:31.916" endtime="20210409 16:35:31.955"></status>
</kw>
<kw name="Click Button" library="Selenium2Library">
<doc>Clicks the button identified by ``locator``.</doc>
<arguments>
<arg>${cartPg_processToCheckout}</arg>
</arguments>
<msg timestamp="20210409 16:35:31.956" level="INFO">Clicking button 'xpath://button[@class='action primary checkout']'.</msg>
<status status="PASS" starttime="20210409 16:35:31.955" endtime="20210409 16:35:35.504"></status>
</kw>
<status status="PASS" starttime="20210409 16:35:31.916" endtime="20210409 16:35:35.504"></status>
</kw>
<kw name="Fill Shipping Address" library="OneStepCheckout">
<kw name="Wait Until Element Is Visible" library="Selenium2Library">
<doc>Waits until the element ``locator`` is visible.</doc>
<arguments>
<arg>${checkoutPg_street}</arg>
</arguments>
<status status="PASS" starttime="20210409 16:35:35.506" endtime="20210409 16:35:36.531"></status>
</kw>
<kw name="Run Keyword And Return Status" library="BuiltIn">
<doc>Runs the given keyword with given arguments and returns the status as a Boolean value.</doc>
<arguments>
<arg>Element Should Be Visible</arg>
<arg>${checkoutPg_userName}</arg>
</arguments>
<assign>
<var>${present}</var>
</assign>
<kw name="Element Should Be Visible" library="Selenium2Library">
<doc>Verifies that the element identified by ``locator`` is visible.</doc>
<arguments>
<arg>${checkoutPg_userName}</arg>
</arguments>
<kw name="Capture Page Screenshot" library="Selenium2Library">
<doc>Takes a screenshot of the current page and embeds it into a log file.</doc>
<msg timestamp="20210409 16:35:36.954" level="INFO" html="yes">&lt;/td&gt;&lt;/tr&gt;&lt;tr&gt;&lt;td colspan="3"&gt;&lt;a href="selenium-screenshot-2.png"&gt;&lt;img src="selenium-screenshot-2.png" width="800px"&gt;&lt;/a&gt;</msg>
<status status="PASS" starttime="20210409 16:35:36.555" endtime="20210409 16:35:36.954"></status>
</kw>
<msg timestamp="20210409 16:35:36.955" level="FAIL">The element 'xpath:(//input[@name='username'])[1]' should be visible, but it is not.</msg>
<status status="FAIL" starttime="20210409 16:35:36.532" endtime="20210409 16:35:36.955"></status>
</kw>
<msg timestamp="20210409 16:35:36.956" level="INFO">${present} = False</msg>
<status status="PASS" starttime="20210409 16:35:36.531" endtime="20210409 16:35:36.956"></status>
</kw>
<kw name="Run Keyword If" library="BuiltIn">
<doc>Runs the given keyword with the given arguments, if ``condition`` is true.</doc>
<arguments>
<arg>${present}</arg>
<arg>Input Text</arg>
<arg>${checkoutPg_userName}</arg>
<arg>${checkoutPgData_userName}</arg>
</arguments>
<status status="PASS" starttime="20210409 16:35:36.956" endtime="20210409 16:35:36.957"></status>
</kw>
<kw name="Get Value" library="Selenium2Library">
<doc>Returns the value attribute of the element identified by ``locator``.</doc>
<arguments>
<arg>${checkoutPg_firstName}</arg>
</arguments>
<assign>
<var>${firstName}</var>
</assign>
<msg timestamp="20210409 16:35:36.976" level="INFO">${firstName} = Hoa</msg>
<status status="PASS" starttime="20210409 16:35:36.957" endtime="20210409 16:35:36.976"></status>
</kw>
<kw name="Run Keyword If" library="BuiltIn">
<doc>Runs the given keyword with the given arguments, if ``condition`` is true.</doc>
<arguments>
<arg>'${firstName}' == '${EMPTY}'</arg>
<arg>Input Text</arg>
<arg>${checkoutPg_firstName}</arg>
<arg>${checkoutPgData_firstName}</arg>
</arguments>
<status status="PASS" starttime="20210409 16:35:36.976" endtime="20210409 16:35:36.976"></status>
</kw>
<kw name="Get Value" library="Selenium2Library">
<doc>Returns the value attribute of the element identified by ``locator``.</doc>
<arguments>
<arg>${checkoutPg_lastName}</arg>
</arguments>
<assign>
<var>${lastName}</var>
</assign>
<msg timestamp="20210409 16:35:36.995" level="INFO">${lastName} = Nguyen</msg>
<status status="PASS" starttime="20210409 16:35:36.976" endtime="20210409 16:35:36.995"></status>
</kw>
<kw name="Run Keyword If" library="BuiltIn">
<doc>Runs the given keyword with the given arguments, if ``condition`` is true.</doc>
<arguments>
<arg>'${lastName}' == '${Empty}'</arg>
<arg>Input Text</arg>
<arg>${checkoutPg_lastName}</arg>
<arg>${checkoutPgData_lastName}</arg>
</arguments>
<status status="PASS" starttime="20210409 16:35:36.995" endtime="20210409 16:35:36.995"></status>
</kw>
<kw name="Input Text" library="Selenium2Library">
<doc>Types the given ``text`` into the text field identified by ``locator``.</doc>
<arguments>
<arg>${checkoutPg_street}</arg>
<arg>${checkoutPgData_street}</arg>
</arguments>
<msg timestamp="20210409 16:35:36.996" level="INFO">Typing text 'Quang Tien street' into text field 'xpath:(//input[@name='street[0]'])[1]'.</msg>
<status status="PASS" starttime="20210409 16:35:36.996" endtime="20210409 16:35:37.112"></status>
</kw>
<kw name="Wait Until Element Is Visible" library="Selenium2Library">
<doc>Waits until the element ``locator`` is visible.</doc>
<arguments>
<arg>${checkoutPg_country}</arg>
</arguments>
<status status="PASS" starttime="20210409 16:35:37.112" endtime="20210409 16:35:37.137"></status>
</kw>
<kw name="Select From List By Value" library="Selenium2Library">
<doc>Selects options from selection list ``locator`` by ``values``.</doc>
<arguments>
<arg>${checkoutPg_country}</arg>
<arg>${checkoutPgData_country}</arg>
</arguments>
<msg timestamp="20210409 16:35:37.138" level="INFO">Selecting options from selection list 'xpath:(//select[@name='country_id'])[1]' by value VN.</msg>
<status status="PASS" starttime="20210409 16:35:37.137" endtime="20210409 16:35:37.215"></status>
</kw>
<kw name="Input Text" library="Selenium2Library">
<doc>Types the given ``text`` into the text field identified by ``locator``.</doc>
<arguments>
<arg>${checkoutPg_city}</arg>
<arg>${checkoutPgData_city}</arg>
</arguments>
<msg timestamp="20210409 16:35:37.216" level="INFO">Typing text 'Ha Noi' into text field 'xpath:(//input[@name='city'])[1]'.</msg>
<status status="PASS" starttime="20210409 16:35:37.216" endtime="20210409 16:35:37.313"></status>
</kw>
<kw name="Input Text" library="Selenium2Library">
<doc>Types the given ``text`` into the text field identified by ``locator``.</doc>
<arguments>
<arg>${checkoutPg_postCode}</arg>
<arg>${checkoutPgData_postCode}</arg>
</arguments>
<msg timestamp="20210409 16:35:37.314" level="INFO">Typing text '2024' into text field 'xpath:(//input[@name='postcode'])[1]'.</msg>
<status status="PASS" starttime="20210409 16:35:37.313" endtime="20210409 16:35:37.399"></status>
</kw>
<kw name="Input Text" library="Selenium2Library">
<doc>Types the given ``text`` into the text field identified by ``locator``.</doc>
<arguments>
<arg>${checkoutPg_telephone}</arg>
<arg>${checkoutPgData_telephone}</arg>
</arguments>
<msg timestamp="20210409 16:35:37.399" level="INFO">Typing text '0369125468' into text field 'xpath:(//input[@name='telephone'])[1]'.</msg>
<status status="PASS" starttime="20210409 16:35:37.399" endtime="20210409 16:35:37.497"></status>
</kw>
<kw name="Select Radio Button" library="Selenium2Library">
<doc>Sets the radio button group ``group_name`` to ``value``.</doc>
<arguments>
<arg>${checkoutPg_shipAddGroupName}</arg>
<arg>${checkoutPg_shipAddValue}</arg>
</arguments>
<msg timestamp="20210409 16:35:37.498" level="INFO">Selecting 'billing' from radio button 'shipping_address_choice'.</msg>
<status status="PASS" starttime="20210409 16:35:37.497" endtime="20210409 16:35:37.519"></status>
</kw>
<kw name="Wait Until Element Is Visible" library="Selenium2Library">
<doc>Waits until the element ``locator`` is visible.</doc>
<arguments>
<arg>${checkoutPg_paymentMethod}</arg>
</arguments>
<status status="PASS" starttime="20210409 16:35:37.519" endtime="20210409 16:35:39.633"></status>
</kw>
<kw name="Select Radio Button" library="Selenium2Library">
<doc>Sets the radio button group ``group_name`` to ``value``.</doc>
<arguments>
<arg>${checkoutPg_paymentMethodGroupName}</arg>
<arg>${checkoutPg_paymentMethodValue}</arg>
</arguments>
<msg timestamp="20210409 16:35:39.633" level="INFO">Selecting 'p2c2p_cc' from radio button 'payment[method]'.</msg>
<status status="PASS" starttime="20210409 16:35:39.633" endtime="20210409 16:35:40.369"></status>
</kw>
<kw name="Wait For Condition" library="Selenium2Library">
<doc>Waits until ``condition`` is true or ``timeout`` expires.</doc>
<arguments>
<arg>return jQuery.active == 0</arg>
</arguments>
<status status="PASS" starttime="20210409 16:35:40.369" endtime="20210409 16:35:42.033"></status>
</kw>
<kw name="Click Button" library="Selenium2Library">
<doc>Clicks the button identified by ``locator``.</doc>
<arguments>
<arg>${checkoutPg_btnPlaceOrder}</arg>
</arguments>
<msg timestamp="20210409 16:35:42.033" level="INFO">Clicking button 'xpath:(//button[@class='action primary checkout'])[4]'.</msg>
<status status="PASS" starttime="20210409 16:35:42.033" endtime="20210409 16:35:42.123"></status>
</kw>
<status status="PASS" starttime="20210409 16:35:35.506" endtime="20210409 16:35:42.123"></status>
</kw>
<kw name="Fill Payment Information" library="Payment">
<kw name="Wait Until Element Is Visible" library="Selenium2Library">
<doc>Waits until the element ``locator`` is visible.</doc>
<arguments>
<arg>${paymentPg_continuePayment}</arg>
<arg>20s</arg>
</arguments>
<status status="PASS" starttime="20210409 16:35:42.128" endtime="20210409 16:35:52.922"></status>
</kw>
<kw name="Input Text" library="Selenium2Library">
<doc>Types the given ``text`` into the text field identified by ``locator``.</doc>
<arguments>
<arg>${paymentPg_masterpass}</arg>
<arg>${masterpass}</arg>
</arguments>
<msg timestamp="20210409 16:35:52.923" level="INFO">Typing text '4111111111111111' into text field 'xpath://input[@id='credit_card_number']'.</msg>
<status status="PASS" starttime="20210409 16:35:52.923" endtime="20210409 16:35:53.058"></status>
</kw>
<kw name="Input Text" library="Selenium2Library">
<doc>Types the given ``text`` into the text field identified by ``locator``.</doc>
<arguments>
<arg>${paymentPg_creditCardHolderName}</arg>
<arg>${creditCardHolderName}</arg>
</arguments>
<msg timestamp="20210409 16:35:53.059" level="INFO">Typing text 'Nguyen Thi Hoa' into text field 'xpath://input[@id='credit_card_holder_name']'.</msg>
<status status="PASS" starttime="20210409 16:35:53.058" endtime="20210409 16:35:53.203"></status>
</kw>
<kw name="Select From List By Label" library="Selenium2Library">
<doc>Selects options from selection list ``locator`` by ``labels``.</doc>
<arguments>
<arg>${paymentPg_creditCardExpiryMonth}</arg>
<arg>${creditCardExpiryMonth}</arg>
</arguments>
<msg timestamp="20210409 16:35:53.204" level="INFO">Selecting options from selection list 'xpath://select[@id='credit_card_expiry_month']' by label 03.</msg>
<status status="PASS" starttime="20210409 16:35:53.204" endtime="20210409 16:35:53.291"></status>
</kw>
<kw name="Select From List By Label" library="Selenium2Library">
<doc>Selects options from selection list ``locator`` by ``labels``.</doc>
<arguments>
<arg>${paymentPg_creditCardExpiryYear}</arg>
<arg>${creditCardExpiryYear}</arg>
</arguments>
<msg timestamp="20210409 16:35:53.292" level="INFO">Selecting options from selection list 'xpath://select[@id='credit_card_expiry_year']' by label 2022.</msg>
<status status="PASS" starttime="20210409 16:35:53.291" endtime="20210409 16:35:53.398"></status>
</kw>
<kw name="Input Text" library="Selenium2Library">
<doc>Types the given ``text`` into the text field identified by ``locator``.</doc>
<arguments>
<arg>${paymentPg_creditCardCvv}</arg>
<arg>${creditCardCvv}</arg>
</arguments>
<msg timestamp="20210409 16:35:53.399" level="INFO">Typing text '123' into text field 'xpath://input[@id='credit_card_cvv']'.</msg>
<status status="PASS" starttime="20210409 16:35:53.398" endtime="20210409 16:35:53.496"></status>
</kw>
<kw name="Select From List By Label" library="Selenium2Library">
<doc>Selects options from selection list ``locator`` by ``labels``.</doc>
<arguments>
<arg>${paymentPg_creditCardIssuingBankCountry}</arg>
<arg>${creditCardIssuingBankCountry}</arg>
</arguments>
<msg timestamp="20210409 16:35:53.496" level="INFO">Selecting options from selection list 'xpath://select[@id='credit_card_issuing_bank_country']' by label THAILAND.</msg>
<status status="PASS" starttime="20210409 16:35:53.496" endtime="20210409 16:35:53.542"></status>
</kw>
<kw name="Select From List By Label" library="Selenium2Library">
<doc>Selects options from selection list ``locator`` by ``labels``.</doc>
<arguments>
<arg>${paymentPg_creditCardIssuingBankDdl}</arg>
<arg>${creditCardIssuingBankDdl}</arg>
</arguments>
<msg timestamp="20210409 16:35:53.542" level="INFO">Selecting options from selection list 'xpath://select[@id='credit_card_issuing_bank_ddl']' by label AEON.</msg>
<status status="PASS" starttime="20210409 16:35:53.542" endtime="20210409 16:35:53.590"></status>
</kw>
<kw name="Input Text" library="Selenium2Library">
<doc>Types the given ``text`` into the text field identified by ``locator``.</doc>
<arguments>
<arg>${paymentPg_cardholderEmail}</arg>
<arg>${cardholderEmail}</arg>
</arguments>
<msg timestamp="20210409 16:35:53.590" level="INFO">Typing text 'testmail@gmail.com' into text field 'xpath://input[@id='cardholder_email']'.</msg>
<status status="PASS" starttime="20210409 16:35:53.590" endtime="20210409 16:35:53.764"></status>
</kw>
<status status="PASS" starttime="20210409 16:35:42.126" endtime="20210409 16:35:53.765"></status>
</kw>
<kw name="Do Payment" library="Payment">
<kw name="Click Button" library="Selenium2Library">
<doc>Clicks the button identified by ``locator``.</doc>
<arguments>
<arg>${paymentPg_continuePayment}</arg>
</arguments>
<msg timestamp="20210409 16:35:53.766" level="INFO">Clicking button 'xpath://input[@id='btnCCSubmit']'.</msg>
<status status="PASS" starttime="20210409 16:35:53.766" endtime="20210409 16:35:53.860"></status>
</kw>
<status status="PASS" starttime="20210409 16:35:53.765" endtime="20210409 16:35:53.861"></status>
</kw>
<kw name="Proceed Payment" library="PayerAuthentication">
<kw name="Wait For Condition" library="Selenium2Library">
<doc>Waits until ``condition`` is true or ``timeout`` expires.</doc>
<arguments>
<arg>return jQuery.active == 0</arg>
<arg>15s</arg>
</arguments>
<status status="PASS" starttime="20210409 16:35:53.862" endtime="20210409 16:35:57.769"></status>
</kw>
<kw name="Input Text" library="Selenium2Library">
<doc>Types the given ``text`` into the text field identified by ``locator``.</doc>
<arguments>
<arg>${payerAuthenPg_otp}</arg>
<arg>${otpCode}</arg>
</arguments>
<msg timestamp="20210409 16:35:57.769" level="INFO">Typing text '123456' into text field 'xpath://input[@id='otp']'.</msg>
<status status="PASS" starttime="20210409 16:35:57.769" endtime="20210409 16:35:57.886"></status>
</kw>
<kw name="Click Button" library="Selenium2Library">
<doc>Clicks the button identified by ``locator``.</doc>
<arguments>
<arg>${payerAuthenPg_proceed}</arg>
</arguments>
<msg timestamp="20210409 16:35:57.886" level="INFO">Clicking button 'xpath://input[@id='continue']'.</msg>
<status status="PASS" starttime="20210409 16:35:57.886" endtime="20210409 16:35:58.048"></status>
</kw>
<status status="PASS" starttime="20210409 16:35:53.861" endtime="20210409 16:35:58.048"></status>
</kw>
<kw name="Verify Payment Successfully For Customer" library="OnePageSuccess">
<kw name="Wait Until Location Contains" library="Selenium2Library">
<doc>Waits until the current URL contains ``expected``.</doc>
<arguments>
<arg>${onePgScData_url}</arg>
<arg>30s</arg>
</arguments>
<status status="PASS" starttime="20210409 16:35:58.051" endtime="20210409 16:36:08.613"></status>
</kw>
<kw name="Element Text Should Be" library="Selenium2Library">
<doc>Verifies that element ``locator`` contains exact the text ``expected``.</doc>
<arguments>
<arg>${onePgSuccess_title}</arg>
<arg>${onePgScData_title}</arg>
</arguments>
<msg timestamp="20210409 16:36:08.613" level="INFO">Verifying element 'xpath://h1[@class='page-title']/span' contains exact text 'Thank you for your order'.</msg>
<status status="PASS" starttime="20210409 16:36:08.613" endtime="20210409 16:36:08.655"></status>
</kw>
<kw name="Get Text" library="Selenium2Library">
<doc>Returns the text value of the element identified by ``locator``.</doc>
<arguments>
<arg>${onePgSuccess_orderNumber_customer}</arg>
</arguments>
<assign>
<var>${idOrder}</var>
</assign>
<msg timestamp="20210409 16:36:08.677" level="INFO">${idOrder} = 0000000106</msg>
<status status="PASS" starttime="20210409 16:36:08.655" endtime="20210409 16:36:08.677"></status>
</kw>
<kw name="Log" library="BuiltIn">
<doc>Logs the given message with the given level.</doc>
<arguments>
<arg>${idOrder}</arg>
</arguments>
<msg timestamp="20210409 16:36:08.678" level="INFO">0000000106</msg>
<status status="PASS" starttime="20210409 16:36:08.678" endtime="20210409 16:36:08.678"></status>
</kw>
<kw name="Should Not Be Empty" library="BuiltIn">
<doc>Verifies that the given item is not empty.</doc>
<arguments>
<arg>${idOrder}</arg>
</arguments>
<msg timestamp="20210409 16:36:08.678" level="INFO">Length is 10</msg>
<status status="PASS" starttime="20210409 16:36:08.678" endtime="20210409 16:36:08.679"></status>
</kw>
<kw name="Element Text Should Be" library="Selenium2Library">
<doc>Verifies that element ``locator`` contains exact the text ``expected``.</doc>
<arguments>
<arg>${onePgSuccess_emailLink}</arg>
<arg>${email}</arg>
</arguments>
<msg timestamp="20210409 16:36:08.679" level="INFO">Verifying element 'xpath://a[@class='customer-email']' contains exact text 'test@gmail.com'.</msg>
<status status="PASS" starttime="20210409 16:36:08.679" endtime="20210409 16:36:08.704"></status>
</kw>
<status status="PASS" starttime="20210409 16:35:58.050" endtime="20210409 16:36:08.704"></status>
</kw>
<kw name="End Testcase" library="CommonFunctionality" type="teardown">
<kw name="Close Browser" library="Selenium2Library">
<doc>Closes the current browser.</doc>
<status status="PASS" starttime="20210409 16:36:08.705" endtime="20210409 16:36:10.910"></status>
</kw>
<status status="PASS" starttime="20210409 16:36:08.704" endtime="20210409 16:36:10.910"></status>
</kw>
<status status="PASS" starttime="20210409 16:34:23.296" endtime="20210409 16:36:10.911" critical="yes"></status>
</test>
<status status="PASS" starttime="20210409 16:33:24.205" endtime="20210409 16:36:10.913"></status>
</suite>
<statistics>
<total>
<stat pass="2" fail="0">Critical Tests</stat>
<stat pass="2" fail="0">All Tests</stat>
</total>
<tag>
</tag>
<suite>
<stat pass="2" fail="0" id="s1" name="CheckOutFunction">CheckOutFunction</stat>
</suite>
</statistics>
<errors>
</errors>
</robot>
