<?xml version="1.0" encoding="UTF-8"?>
<robot generator="Robot 4.0 (Python 3.9.2 on win32)" generated="20210428 15:03:16.862" rpa="false" schemaversion="2">
<suite id="s1" name="Final" source="C:\Users\duyenlt\Documents\demo_robot\final\final.robot">
<test id="s1-t1" name="Guest Checkout">
<kw name="Open Browser" library="SeleniumLibrary">
<arg>${url}</arg>
<arg>${browser}</arg>
<doc>Opens a new browser instance to the optional ``url``.</doc>
<msg timestamp="20210428 15:03:17.032" level="INFO">Opening browser 'chrome' to base url 'https://uat.b2s.co.th/'.</msg>
<status status="PASS" starttime="20210428 15:03:17.032" endtime="20210428 15:03:22.281"/>
</kw>
<kw name="Maximize Browser Window" library="SeleniumLibrary">
<doc>Maximizes current browser window.</doc>
<status status="PASS" starttime="20210428 15:03:22.281" endtime="20210428 15:03:22.458"/>
</kw>
<kw name="Sleep" library="BuiltIn">
<arg>1</arg>
<doc>Pauses the test executed for the given time.</doc>
<msg timestamp="20210428 15:03:23.462" level="INFO">Slept 1 second</msg>
<status status="PASS" starttime="20210428 15:03:22.459" endtime="20210428 15:03:23.462"/>
</kw>
<kw name="Add items to Cart from Homepage" library="Home_Page">
<kw name="Set Focus To Element" library="SeleniumLibrary">
<arg>${AddToCart}</arg>
<doc>Sets the focus to the element identified by ``locator``.</doc>
<status status="PASS" starttime="20210428 15:03:23.463" endtime="20210428 15:03:23.516"/>
</kw>
<kw name="Wait Until Element Is Visible" library="SeleniumLibrary">
<arg>${AddToCart}</arg>
<arg>30s</arg>
<doc>Waits until the element ``locator`` is visible.</doc>
<status status="PASS" starttime="20210428 15:03:23.516" endtime="20210428 15:03:23.648"/>
</kw>
<kw name="Click Element" library="SeleniumLibrary">
<arg>${AddToCart}</arg>
<doc>Click the element identified by ``locator``.</doc>
<msg timestamp="20210428 15:03:23.648" level="INFO">Clicking element '(//*[@class="action tocart primary"])[7]'.</msg>
<status status="PASS" starttime="20210428 15:03:23.648" endtime="20210428 15:03:23.817"/>
</kw>
<kw name="Wait Until Page Contains" library="SeleniumLibrary">
<arg>Add product successfully</arg>
<arg>30s</arg>
<doc>Waits until ``text`` appears on the current page.</doc>
<status status="PASS" starttime="20210428 15:03:23.818" endtime="20210428 15:03:25.447"/>
</kw>
<kw name="Sleep" library="BuiltIn">
<arg>2</arg>
<doc>Pauses the test executed for the given time.</doc>
<msg timestamp="20210428 15:03:27.451" level="INFO">Slept 2 seconds</msg>
<status status="PASS" starttime="20210428 15:03:25.448" endtime="20210428 15:03:27.451"/>
</kw>
<kw name="Click Element" library="SeleniumLibrary">
<arg>${Close_Popup}</arg>
<doc>Click the element identified by ``locator``.</doc>
<msg timestamp="20210428 15:03:27.454" level="INFO">Clicking element '//*[@id="mb-ajaxsuite-close"]'.</msg>
<status status="PASS" starttime="20210428 15:03:27.453" endtime="20210428 15:03:27.557"/>
</kw>
<status status="PASS" starttime="20210428 15:03:23.463" endtime="20210428 15:03:27.557"/>
</kw>
<kw name="Go to Cart by click Mini Cart icon" library="Home_Page">
<kw name="Sleep" library="BuiltIn">
<arg>3</arg>
<doc>Pauses the test executed for the given time.</doc>
<msg timestamp="20210428 15:03:30.572" level="INFO">Slept 3 seconds</msg>
<status status="PASS" starttime="20210428 15:03:27.558" endtime="20210428 15:03:30.572"/>
</kw>
<kw name="Wait Until Element Is Visible" library="SeleniumLibrary">
<arg>${Cart_icon}</arg>
<doc>Waits until the element ``locator`` is visible.</doc>
<status status="PASS" starttime="20210428 15:03:30.573" endtime="20210428 15:03:30.641"/>
</kw>
<kw name="Click Element" library="SeleniumLibrary">
<arg>${Cart_icon}</arg>
<doc>Click the element identified by ``locator``.</doc>
<msg timestamp="20210428 15:03:30.642" level="INFO">Clicking element '//a[@class="action showcart"]'.</msg>
<status status="PASS" starttime="20210428 15:03:30.641" endtime="20210428 15:03:30.700"/>
</kw>
<status status="PASS" starttime="20210428 15:03:27.558" endtime="20210428 15:03:30.700"/>
</kw>
<kw name="Click View Cart button" library="Home_Page">
<kw name="Wait Until Page Contains Element" library="SeleniumLibrary">
<arg>${viewcart_btn}</arg>
<arg>30s</arg>
<doc>Waits until the element ``locator`` appears on the current page.</doc>
<status status="PASS" starttime="20210428 15:03:30.702" endtime="20210428 15:03:30.723"/>
</kw>
<kw name="Click Element" library="SeleniumLibrary">
<arg>${viewcart_btn}</arg>
<doc>Click the element identified by ``locator``.</doc>
<msg timestamp="20210428 15:03:30.723" level="INFO">Clicking element '//*[@class="actions viewcart"]/a'.</msg>
<status status="PASS" starttime="20210428 15:03:30.723" endtime="20210428 15:03:32.362"/>
</kw>
<status status="PASS" starttime="20210428 15:03:30.701" endtime="20210428 15:03:32.362"/>
</kw>
<kw name="Confirm open Cart Page successfully" library="Cart_Page">
<kw name="Wait Until Page Contains" library="SeleniumLibrary">
<arg>Your cart items</arg>
<arg>30s</arg>
<doc>Waits until ``text`` appears on the current page.</doc>
<status status="PASS" starttime="20210428 15:03:32.363" endtime="20210428 15:03:32.393"/>
</kw>
<status status="PASS" starttime="20210428 15:03:32.363" endtime="20210428 15:03:32.394"/>
</kw>
<kw name="Click Proceed to Checkout button From Cart" library="Cart_Page">
<kw name="Click Button" library="SeleniumLibrary">
<arg>${btn_Checkout}</arg>
<doc>Clicks the button identified by ``locator``.</doc>
<msg timestamp="20210428 15:03:32.394" level="INFO">Clicking button '//*[@class="action primary checkout"]'.</msg>
<status status="PASS" starttime="20210428 15:03:32.394" endtime="20210428 15:03:35.685"/>
</kw>
<kw name="Sleep" library="BuiltIn">
<arg>3s</arg>
<doc>Pauses the test executed for the given time.</doc>
<msg timestamp="20210428 15:03:38.693" level="INFO">Slept 3 seconds</msg>
<status status="PASS" starttime="20210428 15:03:35.685" endtime="20210428 15:03:38.693"/>
</kw>
<status status="PASS" starttime="20210428 15:03:32.394" endtime="20210428 15:03:38.693"/>
</kw>
<kw name="Input Shipping Info(User have not login)" library="Shipping_Info">
<kw name="Wait Until Page Contains Element" library="SeleniumLibrary">
<arg>${info_email}</arg>
<arg>30s</arg>
<doc>Waits until the element ``locator`` appears on the current page.</doc>
<status status="PASS" starttime="20210428 15:03:38.693" endtime="20210428 15:03:38.739"/>
</kw>
<kw name="Input Text" library="SeleniumLibrary">
<arg>${info_email}</arg>
<arg>Duyenlt@smartosc.com</arg>
<doc>Types the given ``text`` into the text field identified by ``locator``.</doc>
<msg timestamp="20210428 15:03:38.740" level="INFO">Typing text 'Duyenlt@smartosc.com' into text field '(//*[@id="customer-email"])[1]'.</msg>
<status status="PASS" starttime="20210428 15:03:38.739" endtime="20210428 15:03:38.862"/>
</kw>
<kw name="Input Text" library="SeleniumLibrary">
<arg>${info_fist_name}</arg>
<arg>Le</arg>
<doc>Types the given ``text`` into the text field identified by ``locator``.</doc>
<msg timestamp="20210428 15:03:38.863" level="INFO">Typing text 'Le' into text field '(//*[@name="firstname"])[1]'.</msg>
<status status="PASS" starttime="20210428 15:03:38.863" endtime="20210428 15:03:38.920"/>
</kw>
<kw name="Input Text" library="SeleniumLibrary">
<arg>${info_last_name}</arg>
<arg>Duyen</arg>
<doc>Types the given ``text`` into the text field identified by ``locator``.</doc>
<msg timestamp="20210428 15:03:38.920" level="INFO">Typing text 'Duyen' into text field '(//*[@name="lastname"])[1]'.</msg>
<status status="PASS" starttime="20210428 15:03:38.920" endtime="20210428 15:03:38.973"/>
</kw>
<kw name="Input Text" library="SeleniumLibrary">
<arg>${billingAddress}</arg>
<arg>Handico Pham Hung</arg>
<doc>Types the given ``text`` into the text field identified by ``locator``.</doc>
<msg timestamp="20210428 15:03:38.973" level="INFO">Typing text 'Handico Pham Hung' into text field '(//*[@name="street[0]"])[1]'.</msg>
<status status="PASS" starttime="20210428 15:03:38.973" endtime="20210428 15:03:39.035"/>
</kw>
<kw name="Input Text" library="SeleniumLibrary">
<arg>${city}</arg>
<arg>Ha Noi</arg>
<doc>Types the given ``text`` into the text field identified by ``locator``.</doc>
<msg timestamp="20210428 15:03:39.035" level="INFO">Typing text 'Ha Noi' into text field '(//*[@name="city"])[1]'.</msg>
<status status="PASS" starttime="20210428 15:03:39.035" endtime="20210428 15:03:39.091"/>
</kw>
<kw name="Sleep" library="BuiltIn">
<arg>2</arg>
<doc>Pauses the test executed for the given time.</doc>
<msg timestamp="20210428 15:03:41.097" level="INFO">Slept 2 seconds</msg>
<status status="PASS" starttime="20210428 15:03:39.091" endtime="20210428 15:03:41.097"/>
</kw>
<kw name="Click Element" library="SeleniumLibrary">
<arg>${region_Dropdown_field}</arg>
<doc>Click the element identified by ``locator``.</doc>
<msg timestamp="20210428 15:03:41.099" level="INFO">Clicking element '(//*[@name="region_id"])[1]'.</msg>
<status status="PASS" starttime="20210428 15:03:41.098" endtime="20210428 15:03:41.249"/>
</kw>
<kw name="Wait Until Page Contains Element" library="SeleniumLibrary">
<arg>${Drop_down_region_value_1}</arg>
<arg>10s</arg>
<doc>Waits until the element ``locator`` appears on the current page.</doc>
<status status="PASS" starttime="20210428 15:03:41.249" endtime="20210428 15:03:41.260"/>
</kw>
<kw name="Click Element" library="SeleniumLibrary">
<arg>${Drop_down_region_value_1}</arg>
<doc>Click the element identified by ``locator``.</doc>
<msg timestamp="20210428 15:03:41.261" level="INFO">Clicking element '(//*[@Value="486"])[1]'.</msg>
<status status="PASS" starttime="20210428 15:03:41.261" endtime="20210428 15:03:41.284"/>
</kw>
<kw name="Sleep" library="BuiltIn">
<arg>2</arg>
<doc>Pauses the test executed for the given time.</doc>
<msg timestamp="20210428 15:03:43.291" level="INFO">Slept 2 seconds</msg>
<status status="PASS" starttime="20210428 15:03:41.284" endtime="20210428 15:03:43.291"/>
</kw>
<kw name="Set Focus To Element" library="SeleniumLibrary">
<arg>${postcode}</arg>
<doc>Sets the focus to the element identified by ``locator``.</doc>
<status status="PASS" starttime="20210428 15:03:43.292" endtime="20210428 15:03:43.366"/>
</kw>
<kw name="Input Text" library="SeleniumLibrary">
<arg>${postcode}</arg>
<arg>10000</arg>
<doc>Types the given ``text`` into the text field identified by ``locator``.</doc>
<msg timestamp="20210428 15:03:43.367" level="INFO">Typing text '10000' into text field '(//*[@name="postcode"])[1]'.</msg>
<status status="PASS" starttime="20210428 15:03:43.366" endtime="20210428 15:03:43.422"/>
</kw>
<kw name="Sleep" library="BuiltIn">
<arg>2</arg>
<doc>Pauses the test executed for the given time.</doc>
<msg timestamp="20210428 15:03:45.432" level="INFO">Slept 2 seconds</msg>
<status status="PASS" starttime="20210428 15:03:43.422" endtime="20210428 15:03:45.432"/>
</kw>
<kw name="Set Focus To Element" library="SeleniumLibrary">
<arg>${Phone_num}</arg>
<doc>Sets the focus to the element identified by ``locator``.</doc>
<status status="PASS" starttime="20210428 15:03:45.433" endtime="20210428 15:03:45.487"/>
</kw>
<kw name="Input Text" library="SeleniumLibrary">
<arg>${Phone_num}</arg>
<arg>0912549332</arg>
<doc>Types the given ``text`` into the text field identified by ``locator``.</doc>
<msg timestamp="20210428 15:03:45.488" level="INFO">Typing text '0912549332' into text field '(//*[@name="telephone"])[1]'.</msg>
<status status="PASS" starttime="20210428 15:03:45.487" endtime="20210428 15:03:45.543"/>
</kw>
<status status="PASS" starttime="20210428 15:03:38.693" endtime="20210428 15:03:45.543"/>
</kw>
<kw name="Select Payment Method" library="Shipping_Info">
<kw name="Set Focus To Element" library="SeleniumLibrary">
<arg>${cash}</arg>
<doc>Sets the focus to the element identified by ``locator``.</doc>
<status status="PASS" starttime="20210428 15:03:45.545" endtime="20210428 15:03:45.563"/>
</kw>
<kw name="Click Element" library="SeleniumLibrary">
<arg>${cash}</arg>
<doc>Click the element identified by ``locator``.</doc>
<msg timestamp="20210428 15:03:45.563" level="INFO">Clicking element '//*[@id="cashondelivery"]'.</msg>
<status status="PASS" starttime="20210428 15:03:45.563" endtime="20210428 15:03:45.603"/>
</kw>
<kw name="Sleep" library="BuiltIn">
<arg>2</arg>
<doc>Pauses the test executed for the given time.</doc>
<msg timestamp="20210428 15:03:47.610" level="INFO">Slept 2 seconds</msg>
<status status="PASS" starttime="20210428 15:03:45.603" endtime="20210428 15:03:47.610"/>
</kw>
<status status="PASS" starttime="20210428 15:03:45.544" endtime="20210428 15:03:47.610"/>
</kw>
<kw name="Click Place Order" library="Shipping_Info">
<kw name="Execute Javascript" library="SeleniumLibrary">
<arg>window.scrollTo(0, -200)</arg>
<doc>Executes the given JavaScript code with possible arguments.</doc>
<msg timestamp="20210428 15:03:47.616" level="INFO">Executing JavaScript:
window.scrollTo(0, -200)
Without any arguments.</msg>
<status status="PASS" starttime="20210428 15:03:47.614" endtime="20210428 15:03:47.646"/>
</kw>
<kw name="Sleep" library="BuiltIn">
<arg>2</arg>
<doc>Pauses the test executed for the given time.</doc>
<msg timestamp="20210428 15:03:49.655" level="INFO">Slept 2 seconds</msg>
<status status="PASS" starttime="20210428 15:03:47.646" endtime="20210428 15:03:49.655"/>
</kw>
<kw name="Click Element" library="SeleniumLibrary">
<arg>${btn_PlaceOrder}</arg>
<doc>Click the element identified by ``locator``.</doc>
<msg timestamp="20210428 15:03:49.657" level="INFO">Clicking element '(//*[@class="action primary checkout"])[4]'.</msg>
<status status="PASS" starttime="20210428 15:03:49.656" endtime="20210428 15:03:49.755"/>
</kw>
<kw name="Sleep" library="BuiltIn">
<arg>1</arg>
<doc>Pauses the test executed for the given time.</doc>
<msg timestamp="20210428 15:03:50.755" level="INFO">Slept 1 second</msg>
<status status="PASS" starttime="20210428 15:03:49.755" endtime="20210428 15:03:50.755"/>
</kw>
<status status="PASS" starttime="20210428 15:03:47.610" endtime="20210428 15:03:50.756"/>
</kw>
<kw name="Confirm Proceed to Thank you page" library="Thanks_you_Page">
<kw name="Wait Until Page Contains" library="SeleniumLibrary">
<arg>Thank you for your order</arg>
<arg>30s</arg>
<doc>Waits until ``text`` appears on the current page.</doc>
<status status="PASS" starttime="20210428 15:03:50.759" endtime="20210428 15:03:54.963"/>
</kw>
<status status="PASS" starttime="20210428 15:03:50.757" endtime="20210428 15:03:54.963"/>
</kw>
<kw name="Close Browser" library="SeleniumLibrary" type="TEARDOWN">
<doc>Closes the current browser.</doc>
<status status="PASS" starttime="20210428 15:03:54.964" endtime="20210428 15:03:57.148"/>
</kw>
<status status="PASS" starttime="20210428 15:03:17.031" endtime="20210428 15:03:57.150"/>
</test>
<test id="s1-t2" name="Customer Checkout">
<kw name="Open Browser" library="SeleniumLibrary">
<arg>${url}</arg>
<arg>${browser}</arg>
<doc>Opens a new browser instance to the optional ``url``.</doc>
<msg timestamp="20210428 15:03:57.156" level="INFO">Opening browser 'chrome' to base url 'https://uat.b2s.co.th/'.</msg>
<status status="PASS" starttime="20210428 15:03:57.155" endtime="20210428 15:04:03.690"/>
</kw>
<kw name="Maximize Browser Window" library="SeleniumLibrary">
<doc>Maximizes current browser window.</doc>
<status status="PASS" starttime="20210428 15:04:03.690" endtime="20210428 15:04:04.055"/>
</kw>
<kw name="Sleep" library="BuiltIn">
<arg>1</arg>
<doc>Pauses the test executed for the given time.</doc>
<msg timestamp="20210428 15:04:05.066" level="INFO">Slept 1 second</msg>
<status status="PASS" starttime="20210428 15:04:04.056" endtime="20210428 15:04:05.066"/>
</kw>
<kw name="Click Login" library="Login_Page">
<kw name="Wait Until Page Contains Element" library="SeleniumLibrary">
<arg>${Xpath_Login_Link}</arg>
<arg>30s</arg>
<doc>Waits until the element ``locator`` appears on the current page.</doc>
<status status="PASS" starttime="20210428 15:04:05.067" endtime="20210428 15:04:05.100"/>
</kw>
<kw name="Sleep" library="BuiltIn">
<arg>1</arg>
<doc>Pauses the test executed for the given time.</doc>
<msg timestamp="20210428 15:04:06.106" level="INFO">Slept 1 second</msg>
<status status="PASS" starttime="20210428 15:04:05.100" endtime="20210428 15:04:06.106"/>
</kw>
<kw name="Click Element" library="SeleniumLibrary">
<arg>${Xpath_Login_Link}</arg>
<doc>Click the element identified by ``locator``.</doc>
<msg timestamp="20210428 15:04:06.107" level="INFO">Clicking element '//*[@class="authorization-link"]'.</msg>
<status status="PASS" starttime="20210428 15:04:06.106" endtime="20210428 15:04:07.565"/>
</kw>
<status status="PASS" starttime="20210428 15:04:05.066" endtime="20210428 15:04:07.565"/>
</kw>
<kw name="Log in with valid user" library="Login_Page">
<kw name="Wait Until Page Contains Element" library="SeleniumLibrary">
<arg>${Xpath_Email}</arg>
<arg>30s</arg>
<doc>Waits until the element ``locator`` appears on the current page.</doc>
<status status="PASS" starttime="20210428 15:04:07.566" endtime="20210428 15:04:07.580"/>
</kw>
<kw name="Input Text" library="SeleniumLibrary">
<arg>${Xpath_Email}</arg>
<arg>Duyenlt@smartosc.com</arg>
<doc>Types the given ``text`` into the text field identified by ``locator``.</doc>
<msg timestamp="20210428 15:04:07.581" level="INFO">Typing text 'Duyenlt@smartosc.com' into text field '//*[@id="email"]'.</msg>
<status status="PASS" starttime="20210428 15:04:07.581" endtime="20210428 15:04:07.706"/>
</kw>
<kw name="Input Password" library="SeleniumLibrary">
<arg>${Xpath_Pass}</arg>
<arg>abc@12345</arg>
<doc>Types the given password into the text field identified by ``locator``.</doc>
<msg timestamp="20210428 15:04:07.706" level="INFO">Typing password into text field '//*[@name="login[password]"]'.</msg>
<msg timestamp="20210428 15:04:07.733" level="INFO">Temporally setting log level to: NONE</msg>
<msg timestamp="20210428 15:04:07.744" level="INFO">Log level changed from NONE to INFO.</msg>
<status status="PASS" starttime="20210428 15:04:07.706" endtime="20210428 15:04:07.744"/>
</kw>
<kw name="Click Button" library="SeleniumLibrary">
<arg>${Xpath_btn_Login}</arg>
<doc>Clicks the button identified by ``locator``.</doc>
<msg timestamp="20210428 15:04:07.744" level="INFO">Clicking button '//*[@class="action login primary"]'.</msg>
<status status="PASS" starttime="20210428 15:04:07.744" endtime="20210428 15:04:10.509"/>
</kw>
<status status="PASS" starttime="20210428 15:04:07.566" endtime="20210428 15:04:10.509"/>
</kw>
<kw name="Confirm Login successfully" library="Login_Page">
<kw name="Wait Until Page Contains" library="SeleniumLibrary">
<arg>Sign Out</arg>
<arg>30s</arg>
<doc>Waits until ``text`` appears on the current page.</doc>
<status status="PASS" starttime="20210428 15:04:10.510" endtime="20210428 15:04:10.550"/>
</kw>
<status status="PASS" starttime="20210428 15:04:10.509" endtime="20210428 15:04:10.550"/>
</kw>
<kw name="Click on Logo in Home page" library="Home_Page">
<kw name="Click Element" library="SeleniumLibrary">
<arg>${logo_Homepage}</arg>
<doc>Click the element identified by ``locator``.</doc>
<msg timestamp="20210428 15:04:10.551" level="INFO">Clicking element '//*[@class="logo"]'.</msg>
<status status="PASS" starttime="20210428 15:04:10.551" endtime="20210428 15:04:15.641"/>
</kw>
<kw name="Sleep" library="BuiltIn">
<arg>1</arg>
<doc>Pauses the test executed for the given time.</doc>
<msg timestamp="20210428 15:04:16.647" level="INFO">Slept 1 second</msg>
<status status="PASS" starttime="20210428 15:04:15.641" endtime="20210428 15:04:16.647"/>
</kw>
<status status="PASS" starttime="20210428 15:04:10.550" endtime="20210428 15:04:16.647"/>
</kw>
<kw name="Add items to Wishlist from Homepage" library="Home_Page">
<kw name="Set Focus To Element" library="SeleniumLibrary">
<arg>${AddToWishlist}</arg>
<doc>Sets the focus to the element identified by ``locator``.</doc>
<status status="PASS" starttime="20210428 15:04:16.648" endtime="20210428 15:04:16.669"/>
</kw>
<kw name="Wait Until Element Is Visible" library="SeleniumLibrary">
<arg>${AddToWishlist}</arg>
<arg>30s</arg>
<doc>Waits until the element ``locator`` is visible.</doc>
<status status="PASS" starttime="20210428 15:04:16.669" endtime="20210428 15:04:16.730"/>
</kw>
<kw name="Click Element" library="SeleniumLibrary">
<arg>${AddToWishlist}</arg>
<doc>Click the element identified by ``locator``.</doc>
<msg timestamp="20210428 15:04:16.730" level="INFO">Clicking element '(//*[@class="action btn-towishlist"])[9]'.</msg>
<status status="PASS" starttime="20210428 15:04:16.730" endtime="20210428 15:04:16.818"/>
</kw>
<kw name="Wait Until Page Contains" library="SeleniumLibrary">
<arg>You have added this product to your wishlist</arg>
<arg>30s</arg>
<doc>Waits until ``text`` appears on the current page.</doc>
<status status="PASS" starttime="20210428 15:04:16.818" endtime="20210428 15:04:17.784"/>
</kw>
<kw name="Sleep" library="BuiltIn">
<arg>2</arg>
<doc>Pauses the test executed for the given time.</doc>
<msg timestamp="20210428 15:04:19.793" level="INFO">Slept 2 seconds</msg>
<status status="PASS" starttime="20210428 15:04:17.784" endtime="20210428 15:04:19.793"/>
</kw>
<kw name="Click Element" library="SeleniumLibrary">
<arg>${Close_Popup}</arg>
<doc>Click the element identified by ``locator``.</doc>
<msg timestamp="20210428 15:04:19.795" level="INFO">Clicking element '//*[@id="mb-ajaxsuite-close"]'.</msg>
<status status="PASS" starttime="20210428 15:04:19.794" endtime="20210428 15:04:19.888"/>
</kw>
<status status="PASS" starttime="20210428 15:04:16.647" endtime="20210428 15:04:19.888"/>
</kw>
<kw name="Click Wishlist icon" library="Home_Page">
<kw name="Sleep" library="BuiltIn">
<arg>2</arg>
<doc>Pauses the test executed for the given time.</doc>
<msg timestamp="20210428 15:04:21.898" level="INFO">Slept 2 seconds</msg>
<status status="PASS" starttime="20210428 15:04:19.889" endtime="20210428 15:04:21.898"/>
</kw>
<kw name="Click Element" library="SeleniumLibrary">
<arg>${Icon_Wishlist}</arg>
<doc>Click the element identified by ``locator``.</doc>
<msg timestamp="20210428 15:04:21.898" level="INFO">Clicking element '//*[@class="wishlist-link"]/a'.</msg>
<status status="PASS" starttime="20210428 15:04:21.898" endtime="20210428 15:04:23.821"/>
</kw>
<status status="PASS" starttime="20210428 15:04:19.889" endtime="20210428 15:04:23.821"/>
</kw>
<kw name="Confirm Open Wishlist Page successfully" library="Wishlist_Page">
<kw name="Sleep" library="BuiltIn">
<arg>2</arg>
<doc>Pauses the test executed for the given time.</doc>
<msg timestamp="20210428 15:04:25.835" level="INFO">Slept 2 seconds</msg>
<status status="PASS" starttime="20210428 15:04:23.821" endtime="20210428 15:04:25.835"/>
</kw>
<kw name="Wait Until Page Contains" library="SeleniumLibrary">
<arg>My Wishlist</arg>
<doc>Waits until ``text`` appears on the current page.</doc>
<status status="PASS" starttime="20210428 15:04:25.835" endtime="20210428 15:04:25.882"/>
</kw>
<status status="PASS" starttime="20210428 15:04:23.821" endtime="20210428 15:04:25.882"/>
</kw>
<kw name="Increase product quantity number" library="Wishlist_Page">
<kw name="Click Element" library="SeleniumLibrary">
<arg>${Increase_icon}</arg>
<doc>Click the element identified by ``locator``.</doc>
<msg timestamp="20210428 15:04:25.888" level="INFO">Clicking element '(//*[@class="btn-plus"])[1]'.</msg>
<status status="PASS" starttime="20210428 15:04:25.887" endtime="20210428 15:04:25.961"/>
</kw>
<kw name="Click Element" library="SeleniumLibrary">
<arg>${Increase_icon}</arg>
<doc>Click the element identified by ``locator``.</doc>
<msg timestamp="20210428 15:04:25.963" level="INFO">Clicking element '(//*[@class="btn-plus"])[1]'.</msg>
<status status="PASS" starttime="20210428 15:04:25.962" endtime="20210428 15:04:25.995"/>
</kw>
<kw name="Sleep" library="BuiltIn">
<arg>1</arg>
<doc>Pauses the test executed for the given time.</doc>
<msg timestamp="20210428 15:04:27.004" level="INFO">Slept 1 second</msg>
<status status="PASS" starttime="20210428 15:04:25.996" endtime="20210428 15:04:27.004"/>
</kw>
<status status="PASS" starttime="20210428 15:04:25.882" endtime="20210428 15:04:27.004"/>
</kw>
<kw name="Decrease product quantity number" library="Wishlist_Page">
<kw name="Click Element" library="SeleniumLibrary">
<arg>${Decrease_icon}</arg>
<doc>Click the element identified by ``locator``.</doc>
<msg timestamp="20210428 15:04:27.008" level="INFO">Clicking element '(//*[@class="btn-minus"])[1]'.</msg>
<status status="PASS" starttime="20210428 15:04:27.008" endtime="20210428 15:04:27.124"/>
</kw>
<status status="PASS" starttime="20210428 15:04:27.004" endtime="20210428 15:04:27.125"/>
</kw>
<kw name="Click Update Wishlist button" library="Wishlist_Page">
<kw name="Click Element" library="SeleniumLibrary">
<arg>${Update_WL_btn}</arg>
<doc>Click the element identified by ``locator``.</doc>
<msg timestamp="20210428 15:04:27.126" level="INFO">Clicking element '//*[@Title="Update Wish List"]'.</msg>
<status status="PASS" starttime="20210428 15:04:27.126" endtime="20210428 15:04:29.554"/>
</kw>
<kw name="Sleep" library="BuiltIn">
<arg>2</arg>
<doc>Pauses the test executed for the given time.</doc>
<msg timestamp="20210428 15:04:31.567" level="INFO">Slept 2 seconds</msg>
<status status="PASS" starttime="20210428 15:04:29.555" endtime="20210428 15:04:31.567"/>
</kw>
<status status="PASS" starttime="20210428 15:04:27.125" endtime="20210428 15:04:31.567"/>
</kw>
<kw name="Click Add all to Cart button" library="Wishlist_Page">
<kw name="Click Element" library="SeleniumLibrary">
<arg>${Add_All_To_Cart_btn}</arg>
<doc>Click the element identified by ``locator``.</doc>
<msg timestamp="20210428 15:04:31.571" level="INFO">Clicking element '//*[@Title="Add All to Cart"]'.</msg>
<status status="PASS" starttime="20210428 15:04:31.567" endtime="20210428 15:04:34.347"/>
</kw>
<status status="PASS" starttime="20210428 15:04:31.567" endtime="20210428 15:04:34.347"/>
</kw>
<kw name="Go to Cart by click Mini Cart icon" library="Home_Page">
<kw name="Sleep" library="BuiltIn">
<arg>3</arg>
<doc>Pauses the test executed for the given time.</doc>
<msg timestamp="20210428 15:04:37.357" level="INFO">Slept 3 seconds</msg>
<status status="PASS" starttime="20210428 15:04:34.348" endtime="20210428 15:04:37.357"/>
</kw>
<kw name="Wait Until Element Is Visible" library="SeleniumLibrary">
<arg>${Cart_icon}</arg>
<doc>Waits until the element ``locator`` is visible.</doc>
<status status="PASS" starttime="20210428 15:04:37.357" endtime="20210428 15:04:37.426"/>
</kw>
<kw name="Click Element" library="SeleniumLibrary">
<arg>${Cart_icon}</arg>
<doc>Click the element identified by ``locator``.</doc>
<msg timestamp="20210428 15:04:37.426" level="INFO">Clicking element '//a[@class="action showcart"]'.</msg>
<status status="PASS" starttime="20210428 15:04:37.426" endtime="20210428 15:04:37.496"/>
</kw>
<status status="PASS" starttime="20210428 15:04:34.348" endtime="20210428 15:04:37.496"/>
</kw>
<kw name="Click Proceed to Checkout button" library="Home_Page">
<kw name="Wait Until Page Contains Element" library="SeleniumLibrary">
<arg>${Checkout_btn}</arg>
<doc>Waits until the element ``locator`` appears on the current page.</doc>
<status status="PASS" starttime="20210428 15:04:37.498" endtime="20210428 15:04:37.526"/>
</kw>
<kw name="Click Element" library="SeleniumLibrary">
<arg>${Checkout_btn}</arg>
<doc>Click the element identified by ``locator``.</doc>
<msg timestamp="20210428 15:04:37.526" level="INFO">Clicking element '//*[@id="top-cart-btn-checkout"]'.</msg>
<status status="PASS" starttime="20210428 15:04:37.526" endtime="20210428 15:04:39.981"/>
</kw>
<kw name="Sleep" library="BuiltIn">
<arg>2</arg>
<doc>Pauses the test executed for the given time.</doc>
<msg timestamp="20210428 15:04:41.988" level="INFO">Slept 2 seconds</msg>
<status status="PASS" starttime="20210428 15:04:39.982" endtime="20210428 15:04:41.988"/>
</kw>
<status status="PASS" starttime="20210428 15:04:37.497" endtime="20210428 15:04:41.988"/>
</kw>
<kw name="Input Shipping Info(User logged-in)" library="Shipping_Info">
<kw name="Wait Until Element Is Visible" library="SeleniumLibrary">
<arg>${billingAddress}</arg>
<arg>30s</arg>
<doc>Waits until the element ``locator`` is visible.</doc>
<status status="PASS" starttime="20210428 15:04:41.988" endtime="20210428 15:04:42.012"/>
</kw>
<kw name="Input Text" library="SeleniumLibrary">
<arg>${billingAddress}</arg>
<arg>Handico Pham Hung</arg>
<doc>Types the given ``text`` into the text field identified by ``locator``.</doc>
<msg timestamp="20210428 15:04:42.013" level="INFO">Typing text 'Handico Pham Hung' into text field '(//*[@name="street[0]"])[1]'.</msg>
<status status="PASS" starttime="20210428 15:04:42.012" endtime="20210428 15:04:42.163"/>
</kw>
<kw name="Input Text" library="SeleniumLibrary">
<arg>${city}</arg>
<arg>Ha Noi</arg>
<doc>Types the given ``text`` into the text field identified by ``locator``.</doc>
<msg timestamp="20210428 15:04:42.164" level="INFO">Typing text 'Ha Noi' into text field '(//*[@name="city"])[1]'.</msg>
<status status="PASS" starttime="20210428 15:04:42.164" endtime="20210428 15:04:42.235"/>
</kw>
<kw name="Click Element" library="SeleniumLibrary">
<arg>${region_Dropdown_field}</arg>
<doc>Click the element identified by ``locator``.</doc>
<msg timestamp="20210428 15:04:42.235" level="INFO">Clicking element '(//*[@name="region_id"])[1]'.</msg>
<status status="PASS" starttime="20210428 15:04:42.235" endtime="20210428 15:04:43.232"/>
</kw>
<kw name="Wait Until Page Contains Element" library="SeleniumLibrary">
<arg>${Drop_down_region_value_1}</arg>
<arg>10s</arg>
<doc>Waits until the element ``locator`` appears on the current page.</doc>
<status status="PASS" starttime="20210428 15:04:43.232" endtime="20210428 15:04:43.250"/>
</kw>
<kw name="Click Element" library="SeleniumLibrary">
<arg>${Drop_down_region_value_1}</arg>
<doc>Click the element identified by ``locator``.</doc>
<msg timestamp="20210428 15:04:43.251" level="INFO">Clicking element '(//*[@Value="486"])[1]'.</msg>
<status status="PASS" starttime="20210428 15:04:43.251" endtime="20210428 15:04:43.291"/>
</kw>
<kw name="Sleep" library="BuiltIn">
<arg>2</arg>
<doc>Pauses the test executed for the given time.</doc>
<msg timestamp="20210428 15:04:45.296" level="INFO">Slept 2 seconds</msg>
<status status="PASS" starttime="20210428 15:04:43.292" endtime="20210428 15:04:45.296"/>
</kw>
<kw name="Set Focus To Element" library="SeleniumLibrary">
<arg>${postcode}</arg>
<doc>Sets the focus to the element identified by ``locator``.</doc>
<status status="PASS" starttime="20210428 15:04:45.297" endtime="20210428 15:04:45.350"/>
</kw>
<kw name="Input Text" library="SeleniumLibrary">
<arg>${postcode}</arg>
<arg>10000</arg>
<doc>Types the given ``text`` into the text field identified by ``locator``.</doc>
<msg timestamp="20210428 15:04:45.353" level="INFO">Typing text '10000' into text field '(//*[@name="postcode"])[1]'.</msg>
<status status="PASS" starttime="20210428 15:04:45.351" endtime="20210428 15:04:45.420"/>
</kw>
<kw name="Sleep" library="BuiltIn">
<arg>2</arg>
<doc>Pauses the test executed for the given time.</doc>
<msg timestamp="20210428 15:04:47.441" level="INFO">Slept 2 seconds</msg>
<status status="PASS" starttime="20210428 15:04:45.420" endtime="20210428 15:04:47.441"/>
</kw>
<kw name="Set Focus To Element" library="SeleniumLibrary">
<arg>${Phone_num}</arg>
<doc>Sets the focus to the element identified by ``locator``.</doc>
<status status="PASS" starttime="20210428 15:04:47.441" endtime="20210428 15:04:47.494"/>
</kw>
<kw name="Input Text" library="SeleniumLibrary">
<arg>${Phone_num}</arg>
<arg>0912549332</arg>
<doc>Types the given ``text`` into the text field identified by ``locator``.</doc>
<msg timestamp="20210428 15:04:47.495" level="INFO">Typing text '0912549332' into text field '(//*[@name="telephone"])[1]'.</msg>
<status status="PASS" starttime="20210428 15:04:47.494" endtime="20210428 15:04:47.572"/>
</kw>
<status status="PASS" starttime="20210428 15:04:41.988" endtime="20210428 15:04:47.572"/>
</kw>
<kw name="Select Payment Method" library="Shipping_Info">
<kw name="Set Focus To Element" library="SeleniumLibrary">
<arg>${cash}</arg>
<doc>Sets the focus to the element identified by ``locator``.</doc>
<status status="PASS" starttime="20210428 15:04:47.573" endtime="20210428 15:04:47.595"/>
</kw>
<kw name="Click Element" library="SeleniumLibrary">
<arg>${cash}</arg>
<doc>Click the element identified by ``locator``.</doc>
<msg timestamp="20210428 15:04:47.595" level="INFO">Clicking element '//*[@id="cashondelivery"]'.</msg>
<status status="PASS" starttime="20210428 15:04:47.595" endtime="20210428 15:04:47.645"/>
</kw>
<kw name="Sleep" library="BuiltIn">
<arg>2</arg>
<doc>Pauses the test executed for the given time.</doc>
<msg timestamp="20210428 15:04:49.655" level="INFO">Slept 2 seconds</msg>
<status status="PASS" starttime="20210428 15:04:47.645" endtime="20210428 15:04:49.655"/>
</kw>
<status status="PASS" starttime="20210428 15:04:47.573" endtime="20210428 15:04:49.656"/>
</kw>
<kw name="Click Place Order" library="Shipping_Info">
<kw name="Execute Javascript" library="SeleniumLibrary">
<arg>window.scrollTo(0, -200)</arg>
<doc>Executes the given JavaScript code with possible arguments.</doc>
<msg timestamp="20210428 15:04:49.660" level="INFO">Executing JavaScript:
window.scrollTo(0, -200)
Without any arguments.</msg>
<status status="PASS" starttime="20210428 15:04:49.658" endtime="20210428 15:04:49.692"/>
</kw>
<kw name="Sleep" library="BuiltIn">
<arg>2</arg>
<doc>Pauses the test executed for the given time.</doc>
<msg timestamp="20210428 15:04:51.704" level="INFO">Slept 2 seconds</msg>
<status status="PASS" starttime="20210428 15:04:49.692" endtime="20210428 15:04:51.704"/>
</kw>
<kw name="Click Element" library="SeleniumLibrary">
<arg>${btn_PlaceOrder}</arg>
<doc>Click the element identified by ``locator``.</doc>
<msg timestamp="20210428 15:04:51.705" level="INFO">Clicking element '(//*[@class="action primary checkout"])[4]'.</msg>
<status status="PASS" starttime="20210428 15:04:51.705" endtime="20210428 15:04:51.791"/>
</kw>
<kw name="Sleep" library="BuiltIn">
<arg>1</arg>
<doc>Pauses the test executed for the given time.</doc>
<msg timestamp="20210428 15:04:52.792" level="INFO">Slept 1 second</msg>
<status status="PASS" starttime="20210428 15:04:51.792" endtime="20210428 15:04:52.792"/>
</kw>
<status status="PASS" starttime="20210428 15:04:49.657" endtime="20210428 15:04:52.793"/>
</kw>
<kw name="Confirm Proceed to Thank you page" library="Thanks_you_Page">
<kw name="Wait Until Page Contains" library="SeleniumLibrary">
<arg>Thank you for your order</arg>
<arg>30s</arg>
<doc>Waits until ``text`` appears on the current page.</doc>
<status status="PASS" starttime="20210428 15:04:52.795" endtime="20210428 15:05:00.525"/>
</kw>
<status status="PASS" starttime="20210428 15:04:52.794" endtime="20210428 15:05:00.525"/>
</kw>
<status status="PASS" starttime="20210428 15:03:57.153" endtime="20210428 15:05:00.526"/>
</test>
<status status="PASS" starttime="20210428 15:03:16.862" endtime="20210428 15:05:00.527"/>
</suite>
<statistics>
<total>
<stat pass="2" fail="0" skip="0">All Tests</stat>
</total>
<tag>
</tag>
<suite>
<stat pass="2" fail="0" skip="0" id="s1" name="Final">Final</stat>
</suite>
</statistics>
<errors>
</errors>
</robot>
