<?xml version="1.0" encoding="UTF-8"?>
<robot generator="Robot 4.0.1 (Python 3.8.9 on win32)" generated="20210414 15:02:40.032" rpa="false" schemaversion="2">
<suite id="s1" name="Test1" source="C:\Users\huongtn\robot_training\Homework_session 3\Test1.robot">
<test id="s1-t1" name="Demo Testcase">
<kw name="Open Browser" library="SeleniumLibrary">
<arg>${url}</arg>
<arg>${browser}</arg>
<doc>Opens a new browser instance to the optional ``url``.</doc>
<msg timestamp="20210414 15:02:40.233" level="INFO">Opening browser 'chrome' to base url 'https://tiki.vn/'.</msg>
<status status="PASS" starttime="20210414 15:02:40.233" endtime="20210414 15:02:43.436"/>
</kw>
<kw name="Maximize Browser Window" library="SeleniumLibrary">
<doc>Maximizes current browser window.</doc>
<status status="PASS" starttime="20210414 15:02:43.441" endtime="20210414 15:02:43.815"/>
</kw>
<status status="PASS" starttime="20210414 15:02:40.219" endtime="20210414 15:02:43.828"/>
</test>
<status status="PASS" starttime="20210414 15:02:40.032" endtime="20210414 15:02:43.836"/>
</suite>
<statistics>
<total>
<stat pass="1" fail="0" skip="0">All Tests</stat>
</total>
<tag>
</tag>
<suite>
<stat pass="1" fail="0" skip="0" id="s1" name="Test1">Test1</stat>
</suite>
</statistics>
<errors>
</errors>
</robot>
