<?xml version="1.0" encoding="UTF-8"?>
<robot generator="Robot 3.0.4 (Python 3.9.2 on win32)" generated="20210330 10:02:39.936">
<suite id="s1" name="Test" source="D:\Training\demo_robot\test.robot">
<test id="s1-t1" name="Demo Test">
<kw name="Open Browser" library="SeleniumLibrary">
<doc>Opens a new browser instance to the optional ``url``.</doc>
<arguments>
<arg>https://dantri.com.vn</arg>
<arg>Chrome</arg>
</arguments>
<msg timestamp="20210330 10:02:40.072" level="INFO">Opening browser 'Chrome' to base url 'https://dantri.com.vn'.</msg>
<status status="PASS" starttime="20210330 10:02:40.072" endtime="20210330 10:02:43.879"></status>
</kw>
<kw name="Maximize Browser Window" library="SeleniumLibrary">
<doc>Maximizes current browser window.</doc>
<status status="PASS" starttime="20210330 10:02:43.879" endtime="20210330 10:02:46.029"></status>
</kw>
<kw name="Set Selenium Speed" library="SeleniumLibrary">
<doc>Sets the delay that is waited after each Selenium command.</doc>
<arguments>
<arg>0</arg>
</arguments>
<status status="PASS" starttime="20210330 10:02:46.043" endtime="20210330 10:02:46.044"></status>
</kw>
<kw name="Close Browser" library="SeleniumLibrary">
<doc>Closes the current browser.</doc>
<status status="PASS" starttime="20210330 10:02:46.056" endtime="20210330 10:02:48.360"></status>
</kw>
<status status="PASS" starttime="20210330 10:02:40.071" endtime="20210330 10:02:48.361" critical="yes"></status>
</test>
<status status="PASS" starttime="20210330 10:02:39.938" endtime="20210330 10:02:48.367"></status>
</suite>
<statistics>
<total>
<stat pass="1" fail="0">Critical Tests</stat>
<stat pass="1" fail="0">All Tests</stat>
</total>
<tag>
</tag>
<suite>
<stat pass="1" fail="0" id="s1" name="Test">Test</stat>
</suite>
</statistics>
<errors>
</errors>
</robot>
